{"E:\\Stage PFE 2\\web\\backend\\declic_backend\\app.js": {"path":"E:\\Stage PFE 2\\web\\backend\\declic_backend\\app.js","statementMap":{"0":{"start":{"line":1,"column":14},"end":{"line":1,"column":32}},"1":{"start":{"line":2,"column":13},"end":{"line":2,"column":28}},"2":{"start":{"line":3,"column":15},"end":{"line":3,"column":32}},"3":{"start":{"line":4,"column":0},"end":{"line":4,"column":26}},"4":{"start":{"line":5,"column":17},"end":{"line":5,"column":37}},"5":{"start":{"line":6,"column":13},"end":{"line":6,"column":28}},"6":{"start":{"line":7,"column":18},"end":{"line":7,"column":40}},"7":{"start":{"line":9,"column":19},"end":{"line":9,"column":46}},"8":{"start":{"line":12,"column":18},"end":{"line":12,"column":56}},"9":{"start":{"line":14,"column":18},"end":{"line":14,"column":40}},"10":{"start":{"line":15,"column":11},"end":{"line":15,"column":26}},"11":{"start":{"line":16,"column":19},"end":{"line":16,"column":43}},"12":{"start":{"line":17,"column":13},"end":{"line":17,"column":30}},"13":{"start":{"line":19,"column":21},"end":{"line":19,"column":55}},"14":{"start":{"line":20,"column":18},"end":{"line":20,"column":48}},"15":{"start":{"line":21,"column":22},"end":{"line":21,"column":57}},"16":{"start":{"line":22,"column":21},"end":{"line":22,"column":55}},"17":{"start":{"line":23,"column":21},"end":{"line":23,"column":55}},"18":{"start":{"line":24,"column":26},"end":{"line":24,"column":65}},"19":{"start":{"line":25,"column":21},"end":{"line":25,"column":55}},"20":{"start":{"line":26,"column":24},"end":{"line":26,"column":60}},"21":{"start":{"line":28,"column":28},"end":{"line":28,"column":68}},"22":{"start":{"line":29,"column":24},"end":{"line":29,"column":60}},"23":{"start":{"line":30,"column":27},"end":{"line":30,"column":66}},"24":{"start":{"line":31,"column":30},"end":{"line":31,"column":72}},"25":{"start":{"line":32,"column":29},"end":{"line":32,"column":64}},"26":{"start":{"line":33,"column":27},"end":{"line":33,"column":65}},"27":{"start":{"line":35,"column":18},"end":{"line":35,"column":48}},"28":{"start":{"line":37,"column":10},"end":{"line":37,"column":19}},"29":{"start":{"line":39,"column":0},"end":{"line":39,"column":12}},"30":{"start":{"line":40,"column":13},"end":{"line":40,"column":37}},"31":{"start":{"line":41,"column":15},"end":{"line":41,"column":37}},"32":{"start":{"line":42,"column":11},"end":{"line":47,"column":2}},"33":{"start":{"line":48,"column":0},"end":{"line":48,"column":16}},"34":{"start":{"line":49,"column":0},"end":{"line":52,"column":3}},"35":{"start":{"line":50,"column":2},"end":{"line":50,"column":14}},"36":{"start":{"line":51,"column":2},"end":{"line":51,"column":9}},"37":{"start":{"line":53,"column":0},"end":{"line":56,"column":3}},"38":{"start":{"line":54,"column":2},"end":{"line":54,"column":66}},"39":{"start":{"line":55,"column":2},"end":{"line":55,"column":9}},"40":{"start":{"line":60,"column":0},"end":{"line":60,"column":48}},"41":{"start":{"line":61,"column":0},"end":{"line":61,"column":31}},"42":{"start":{"line":63,"column":0},"end":{"line":63,"column":23}},"43":{"start":{"line":64,"column":0},"end":{"line":64,"column":24}},"44":{"start":{"line":65,"column":0},"end":{"line":65,"column":49}},"45":{"start":{"line":66,"column":0},"end":{"line":66,"column":24}},"46":{"start":{"line":67,"column":0},"end":{"line":67,"column":56}},"47":{"start":{"line":69,"column":0},"end":{"line":69,"column":37}},"48":{"start":{"line":70,"column":0},"end":{"line":70,"column":31}},"49":{"start":{"line":71,"column":0},"end":{"line":71,"column":39}},"50":{"start":{"line":72,"column":0},"end":{"line":72,"column":37}},"51":{"start":{"line":73,"column":0},"end":{"line":73,"column":37}},"52":{"start":{"line":74,"column":0},"end":{"line":74,"column":30}},"53":{"start":{"line":75,"column":0},"end":{"line":75,"column":47}},"54":{"start":{"line":76,"column":0},"end":{"line":76,"column":47}},"55":{"start":{"line":77,"column":0},"end":{"line":77,"column":36}},"56":{"start":{"line":78,"column":0},"end":{"line":78,"column":42}},"57":{"start":{"line":81,"column":0},"end":{"line":81,"column":48}},"58":{"start":{"line":82,"column":0},"end":{"line":82,"column":39}},"59":{"start":{"line":83,"column":0},"end":{"line":83,"column":45}},"60":{"start":{"line":85,"column":0},"end":{"line":85,"column":51}},"61":{"start":{"line":86,"column":0},"end":{"line":86,"column":48}},"62":{"start":{"line":87,"column":0},"end":{"line":87,"column":43}},"63":{"start":{"line":90,"column":0},"end":{"line":92,"column":3}},"64":{"start":{"line":91,"column":2},"end":{"line":91,"column":48}},"65":{"start":{"line":95,"column":0},"end":{"line":97,"column":3}},"66":{"start":{"line":96,"column":2},"end":{"line":96,"column":25}},"67":{"start":{"line":103,"column":0},"end":{"line":119,"column":3}},"68":{"start":{"line":105,"column":2},"end":{"line":105,"column":27}},"69":{"start":{"line":107,"column":2},"end":{"line":107,"column":35}},"70":{"start":{"line":108,"column":2},"end":{"line":108,"column":69}},"71":{"start":{"line":111,"column":2},"end":{"line":117,"column":3}},"72":{"start":{"line":112,"column":4},"end":{"line":112,"column":52}},"73":{"start":{"line":113,"column":9},"end":{"line":117,"column":3}},"74":{"start":{"line":114,"column":4},"end":{"line":114,"column":49}},"75":{"start":{"line":116,"column":4},"end":{"line":116,"column":61}},"76":{"start":{"line":118,"column":4},"end":{"line":118,"column":24}},"77":{"start":{"line":148,"column":0},"end":{"line":155,"column":3}},"78":{"start":{"line":149,"column":2},"end":{"line":149,"column":66}},"79":{"start":{"line":152,"column":2},"end":{"line":154,"column":5}},"80":{"start":{"line":153,"column":4},"end":{"line":153,"column":58}},"81":{"start":{"line":158,"column":0},"end":{"line":160,"column":3}},"82":{"start":{"line":159,"column":2},"end":{"line":159,"column":53}},"83":{"start":{"line":168,"column":0},"end":{"line":168,"column":21}}},"fnMap":{"0":{"name":"(anonymous_0)","decl":{"start":{"line":49,"column":8},"end":{"line":49,"column":9}},"loc":{"start":{"line":49,"column":28},"end":{"line":52,"column":1}},"line":49},"1":{"name":"(anonymous_1)","decl":{"start":{"line":53,"column":8},"end":{"line":53,"column":9}},"loc":{"start":{"line":53,"column":28},"end":{"line":56,"column":1}},"line":53},"2":{"name":"(anonymous_2)","decl":{"start":{"line":90,"column":13},"end":{"line":90,"column":14}},"loc":{"start":{"line":90,"column":27},"end":{"line":92,"column":1}},"line":90},"3":{"name":"(anonymous_3)","decl":{"start":{"line":95,"column":8},"end":{"line":95,"column":9}},"loc":{"start":{"line":95,"column":33},"end":{"line":97,"column":1}},"line":95},"4":{"name":"(anonymous_4)","decl":{"start":{"line":103,"column":8},"end":{"line":103,"column":9}},"loc":{"start":{"line":103,"column":38},"end":{"line":119,"column":1}},"line":103},"5":{"name":"(anonymous_5)","decl":{"start":{"line":148,"column":20},"end":{"line":148,"column":21}},"loc":{"start":{"line":148,"column":32},"end":{"line":155,"column":1}},"line":148},"6":{"name":"(anonymous_6)","decl":{"start":{"line":152,"column":26},"end":{"line":152,"column":27}},"loc":{"start":{"line":152,"column":32},"end":{"line":154,"column":3}},"line":152},"7":{"name":"(anonymous_7)","decl":{"start":{"line":158,"column":20},"end":{"line":158,"column":21}},"loc":{"start":{"line":158,"column":26},"end":{"line":160,"column":1}},"line":158}},"branchMap":{"0":{"loc":{"start":{"line":40,"column":13},"end":{"line":40,"column":37}},"type":"binary-expr","locations":[{"start":{"line":40,"column":13},"end":{"line":40,"column":29}},{"start":{"line":40,"column":33},"end":{"line":40,"column":37}}],"line":40},"1":{"loc":{"start":{"line":108,"column":21},"end":{"line":108,"column":68}},"type":"cond-expr","locations":[{"start":{"line":108,"column":60},"end":{"line":108,"column":63}},{"start":{"line":108,"column":66},"end":{"line":108,"column":68}}],"line":108},"2":{"loc":{"start":{"line":111,"column":2},"end":{"line":117,"column":3}},"type":"if","locations":[{"start":{"line":111,"column":2},"end":{"line":117,"column":3}},{"start":{"line":113,"column":9},"end":{"line":117,"column":3}}],"line":111},"3":{"loc":{"start":{"line":113,"column":9},"end":{"line":117,"column":3}},"type":"if","locations":[{"start":{"line":113,"column":9},"end":{"line":117,"column":3}},{"start":{"line":115,"column":9},"end":{"line":117,"column":3}}],"line":113}},"s":{"0":1,"1":1,"2":1,"3":1,"4":1,"5":1,"6":1,"7":1,"8":1,"9":1,"10":1,"11":1,"12":1,"13":1,"14":1,"15":1,"16":1,"17":1,"18":1,"19":1,"20":1,"21":1,"22":1,"23":1,"24":1,"25":1,"26":1,"27":1,"28":1,"29":1,"30":1,"31":1,"32":1,"33":1,"34":1,"35":3,"36":3,"37":1,"38":3,"39":3,"40":1,"41":1,"42":1,"43":1,"44":1,"45":1,"46":1,"47":1,"48":1,"49":1,"50":1,"51":1,"52":1,"53":1,"54":1,"55":1,"56":1,"57":1,"58":1,"59":1,"60":1,"61":1,"62":1,"63":1,"64":0,"65":1,"66":0,"67":1,"68":0,"69":0,"70":0,"71":0,"72":0,"73":0,"74":0,"75":0,"76":0,"77":1,"78":0,"79":0,"80":0,"81":1,"82":0,"83":1},"f":{"0":3,"1":3,"2":0,"3":0,"4":0,"5":0,"6":0,"7":0},"b":{"0":[1,1],"1":[0,0],"2":[0,0],"3":[0,0]},"_coverageSchema":"1a1c01bbd47fc00a2c39e90264f33305004495a9","hash":"2bd32c374d8c71e94db9668dcec4deef41af9ec2"}
,"E:\\Stage PFE 2\\web\\backend\\declic_backend\\config\\db.js": {"path":"E:\\Stage PFE 2\\web\\backend\\declic_backend\\config\\db.js","statementMap":{"0":{"start":{"line":1,"column":17},"end":{"line":1,"column":36}},"1":{"start":{"line":3,"column":18},"end":{"line":15,"column":1}},"2":{"start":{"line":5,"column":2},"end":{"line":14,"column":3}},"3":{"start":{"line":6,"column":4},"end":{"line":9,"column":7}},"4":{"start":{"line":10,"column":4},"end":{"line":10,"column":47}},"5":{"start":{"line":12,"column":4},"end":{"line":12,"column":75}},"6":{"start":{"line":13,"column":4},"end":{"line":13,"column":20}},"7":{"start":{"line":17,"column":0},"end":{"line":17,"column":27}}},"fnMap":{"0":{"name":"(anonymous_0)","decl":{"start":{"line":3,"column":18},"end":{"line":3,"column":19}},"loc":{"start":{"line":3,"column":30},"end":{"line":15,"column":1}},"line":3}},"branchMap":{},"s":{"0":1,"1":1,"2":1,"3":1,"4":1,"5":0,"6":0,"7":1},"f":{"0":1},"b":{},"_coverageSchema":"1a1c01bbd47fc00a2c39e90264f33305004495a9","hash":"364fbbefcf39be901624028225423b3e6a4c7fc7"}
,"E:\\Stage PFE 2\\web\\backend\\declic_backend\\middleware\\authMiddleware.js": {"path":"E:\\Stage PFE 2\\web\\backend\\declic_backend\\middleware\\authMiddleware.js","statementMap":{"0":{"start":{"line":3,"column":13},"end":{"line":3,"column":38}},"1":{"start":{"line":4,"column":12},"end":{"line":4,"column":35}},"2":{"start":{"line":5,"column":20},"end":{"line":39,"column":3}},"3":{"start":{"line":7,"column":2},"end":{"line":9,"column":3}},"4":{"start":{"line":8,"column":4},"end":{"line":8,"column":75}},"5":{"start":{"line":12,"column":16},"end":{"line":12,"column":55}},"6":{"start":{"line":14,"column":2},"end":{"line":16,"column":3}},"7":{"start":{"line":15,"column":4},"end":{"line":15,"column":63}},"8":{"start":{"line":19,"column":4},"end":{"line":38,"column":5}},"9":{"start":{"line":20,"column":22},"end":{"line":20,"column":64}},"10":{"start":{"line":22,"column":19},"end":{"line":22,"column":60}},"11":{"start":{"line":23,"column":6},"end":{"line":25,"column":7}},"12":{"start":{"line":24,"column":8},"end":{"line":24,"column":65}},"13":{"start":{"line":27,"column":6},"end":{"line":27,"column":22}},"14":{"start":{"line":28,"column":6},"end":{"line":28,"column":13}},"15":{"start":{"line":30,"column":6},"end":{"line":30,"column":64}},"16":{"start":{"line":31,"column":6},"end":{"line":33,"column":7}},"17":{"start":{"line":32,"column":8},"end":{"line":32,"column":63}},"18":{"start":{"line":34,"column":6},"end":{"line":36,"column":7}},"19":{"start":{"line":35,"column":8},"end":{"line":35,"column":65}},"20":{"start":{"line":37,"column":6},"end":{"line":37,"column":81}},"21":{"start":{"line":42,"column":0},"end":{"line":42,"column":29}}},"fnMap":{"0":{"name":"(anonymous_0)","decl":{"start":{"line":5,"column":20},"end":{"line":5,"column":21}},"loc":{"start":{"line":5,"column":46},"end":{"line":39,"column":3}},"line":5}},"branchMap":{"0":{"loc":{"start":{"line":7,"column":2},"end":{"line":9,"column":3}},"type":"if","locations":[{"start":{"line":7,"column":2},"end":{"line":9,"column":3}},{"start":{},"end":{}}],"line":7},"1":{"loc":{"start":{"line":14,"column":2},"end":{"line":16,"column":3}},"type":"if","locations":[{"start":{"line":14,"column":2},"end":{"line":16,"column":3}},{"start":{},"end":{}}],"line":14},"2":{"loc":{"start":{"line":23,"column":6},"end":{"line":25,"column":7}},"type":"if","locations":[{"start":{"line":23,"column":6},"end":{"line":25,"column":7}},{"start":{},"end":{}}],"line":23},"3":{"loc":{"start":{"line":31,"column":6},"end":{"line":33,"column":7}},"type":"if","locations":[{"start":{"line":31,"column":6},"end":{"line":33,"column":7}},{"start":{},"end":{}}],"line":31},"4":{"loc":{"start":{"line":34,"column":6},"end":{"line":36,"column":7}},"type":"if","locations":[{"start":{"line":34,"column":6},"end":{"line":36,"column":7}},{"start":{},"end":{}}],"line":34}},"s":{"0":2,"1":2,"2":2,"3":2,"4":0,"5":2,"6":2,"7":0,"8":2,"9":2,"10":2,"11":2,"12":0,"13":2,"14":2,"15":0,"16":0,"17":0,"18":0,"19":0,"20":0,"21":2},"f":{"0":2},"b":{"0":[0,2],"1":[0,2],"2":[0,2],"3":[0,0],"4":[0,0]},"_coverageSchema":"1a1c01bbd47fc00a2c39e90264f33305004495a9","hash":"6540c0d9bd3c796012ce1dc18157f6396d04a1f8"}
,"E:\\Stage PFE 2\\web\\backend\\declic_backend\\models\\Activity.js": {"path":"E:\\Stage PFE 2\\web\\backend\\declic_backend\\models\\Activity.js","statementMap":{"0":{"start":{"line":1,"column":17},"end":{"line":1,"column":36}},"1":{"start":{"line":3,"column":23},"end":{"line":33,"column":2}},"2":{"start":{"line":36,"column":17},"end":{"line":36,"column":59}},"3":{"start":{"line":38,"column":0},"end":{"line":38,"column":26}}},"fnMap":{},"branchMap":{},"s":{"0":1,"1":1,"2":1,"3":1},"f":{},"b":{},"_coverageSchema":"1a1c01bbd47fc00a2c39e90264f33305004495a9","hash":"a809f2714df989e91f5bce0b9289ab67b7da0779"}
,"E:\\Stage PFE 2\\web\\backend\\declic_backend\\models\\Comment.js": {"path":"E:\\Stage PFE 2\\web\\backend\\declic_backend\\models\\Comment.js","statementMap":{"0":{"start":{"line":1,"column":17},"end":{"line":1,"column":36}},"1":{"start":{"line":3,"column":22},"end":{"line":17,"column":2}},"2":{"start":{"line":19,"column":16},"end":{"line":19,"column":56}},"3":{"start":{"line":21,"column":0},"end":{"line":21,"column":25}}},"fnMap":{},"branchMap":{},"s":{"0":1,"1":1,"2":1,"3":1},"f":{},"b":{},"_coverageSchema":"1a1c01bbd47fc00a2c39e90264f33305004495a9","hash":"25237da72fa387c87e0967fa0fbc3d467c188216"}
,"E:\\Stage PFE 2\\web\\backend\\declic_backend\\models\\Contact.js": {"path":"E:\\Stage PFE 2\\web\\backend\\declic_backend\\models\\Contact.js","statementMap":{"0":{"start":{"line":2,"column":17},"end":{"line":2,"column":36}},"1":{"start":{"line":4,"column":22},"end":{"line":29,"column":2}},"2":{"start":{"line":31,"column":16},"end":{"line":31,"column":56}},"3":{"start":{"line":33,"column":0},"end":{"line":33,"column":25}}},"fnMap":{},"branchMap":{},"s":{"0":1,"1":1,"2":1,"3":1},"f":{},"b":{},"_coverageSchema":"1a1c01bbd47fc00a2c39e90264f33305004495a9","hash":"0d32198ea66e77b89509ae33f0dfacf0bc0330d4"}
,"E:\\Stage PFE 2\\web\\backend\\declic_backend\\models\\Message.js": {"path":"E:\\Stage PFE 2\\web\\backend\\declic_backend\\models\\Message.js","statementMap":{"0":{"start":{"line":1,"column":17},"end":{"line":1,"column":36}},"1":{"start":{"line":3,"column":22},"end":{"line":23,"column":2}},"2":{"start":{"line":25,"column":16},"end":{"line":25,"column":56}},"3":{"start":{"line":27,"column":0},"end":{"line":27,"column":25}}},"fnMap":{},"branchMap":{},"s":{"0":1,"1":1,"2":1,"3":1},"f":{},"b":{},"_coverageSchema":"1a1c01bbd47fc00a2c39e90264f33305004495a9","hash":"3cee630c6f672413981709a4443500f1d1bd5390"}
,"E:\\Stage PFE 2\\web\\backend\\declic_backend\\models\\Newsletter.js": {"path":"E:\\Stage PFE 2\\web\\backend\\declic_backend\\models\\Newsletter.js","statementMap":{"0":{"start":{"line":1,"column":17},"end":{"line":1,"column":36}},"1":{"start":{"line":3,"column":25},"end":{"line":13,"column":2}},"2":{"start":{"line":15,"column":19},"end":{"line":15,"column":65}},"3":{"start":{"line":17,"column":0},"end":{"line":17,"column":28}}},"fnMap":{},"branchMap":{},"s":{"0":1,"1":1,"2":1,"3":1},"f":{},"b":{},"_coverageSchema":"1a1c01bbd47fc00a2c39e90264f33305004495a9","hash":"b2f1955cc3a7aed48ac4323219b595f8ad5cc478"}
,"E:\\Stage PFE 2\\web\\backend\\declic_backend\\models\\Notification.js": {"path":"E:\\Stage PFE 2\\web\\backend\\declic_backend\\models\\Notification.js","statementMap":{"0":{"start":{"line":1,"column":17},"end":{"line":1,"column":36}},"1":{"start":{"line":3,"column":27},"end":{"line":14,"column":2}},"2":{"start":{"line":16,"column":21},"end":{"line":16,"column":71}},"3":{"start":{"line":18,"column":0},"end":{"line":18,"column":30}}},"fnMap":{},"branchMap":{},"s":{"0":2,"1":2,"2":2,"3":2},"f":{},"b":{},"_coverageSchema":"1a1c01bbd47fc00a2c39e90264f33305004495a9","hash":"043340f1ef535647011104f6b00e06687e0bd797"}
,"E:\\Stage PFE 2\\web\\backend\\declic_backend\\models\\Profile.js": {"path":"E:\\Stage PFE 2\\web\\backend\\declic_backend\\models\\Profile.js","statementMap":{"0":{"start":{"line":1,"column":17},"end":{"line":1,"column":36}},"1":{"start":{"line":3,"column":22},"end":{"line":26,"column":2}},"2":{"start":{"line":28,"column":16},"end":{"line":28,"column":56}},"3":{"start":{"line":30,"column":0},"end":{"line":30,"column":25}}},"fnMap":{},"branchMap":{},"s":{"0":1,"1":1,"2":1,"3":1},"f":{},"b":{},"_coverageSchema":"1a1c01bbd47fc00a2c39e90264f33305004495a9","hash":"9bdadda38e0f817cac4b1f18cb958432ee59d5a2"}
,"E:\\Stage PFE 2\\web\\backend\\declic_backend\\models\\Test.js": {"path":"E:\\Stage PFE 2\\web\\backend\\declic_backend\\models\\Test.js","statementMap":{"0":{"start":{"line":1,"column":17},"end":{"line":1,"column":36}},"1":{"start":{"line":4,"column":19},"end":{"line":17,"column":2}},"2":{"start":{"line":20,"column":13},"end":{"line":20,"column":47}},"3":{"start":{"line":22,"column":0},"end":{"line":22,"column":22}}},"fnMap":{},"branchMap":{},"s":{"0":1,"1":1,"2":1,"3":1},"f":{},"b":{},"_coverageSchema":"1a1c01bbd47fc00a2c39e90264f33305004495a9","hash":"922e3283ea6b355b55aba4212eae12f90a9051ff"}
,"E:\\Stage PFE 2\\web\\backend\\declic_backend\\models\\User.js": {"path":"E:\\Stage PFE 2\\web\\backend\\declic_backend\\models\\User.js","statementMap":{"0":{"start":{"line":1,"column":17},"end":{"line":1,"column":36}},"1":{"start":{"line":3,"column":19},"end":{"line":20,"column":2}},"2":{"start":{"line":22,"column":13},"end":{"line":22,"column":47}},"3":{"start":{"line":24,"column":0},"end":{"line":24,"column":22}}},"fnMap":{},"branchMap":{},"s":{"0":2,"1":2,"2":2,"3":2},"f":{},"b":{},"_coverageSchema":"1a1c01bbd47fc00a2c39e90264f33305004495a9","hash":"032ada632e4801a7cc7ef2c86ab854f28fd137fc"}
,"E:\\Stage PFE 2\\web\\backend\\declic_backend\\routes\\activitysRoutes.js": {"path":"E:\\Stage PFE 2\\web\\backend\\declic_backend\\routes\\activitysRoutes.js","statementMap":{"0":{"start":{"line":1,"column":16},"end":{"line":1,"column":34}},"1":{"start":{"line":2,"column":15},"end":{"line":2,"column":31}},"2":{"start":{"line":3,"column":17},"end":{"line":3,"column":46}},"3":{"start":{"line":4,"column":13},"end":{"line":4,"column":38}},"4":{"start":{"line":5,"column":16},"end":{"line":5,"column":44}},"5":{"start":{"line":7,"column":16},"end":{"line":7,"column":44}},"6":{"start":{"line":8,"column":21},"end":{"line":8,"column":54}},"7":{"start":{"line":9,"column":15},"end":{"line":9,"column":32}},"8":{"start":{"line":10,"column":20},"end":{"line":10,"column":59}},"9":{"start":{"line":11,"column":14},"end":{"line":11,"column":30}},"10":{"start":{"line":16,"column":16},"end":{"line":23,"column":2}},"11":{"start":{"line":18,"column":4},"end":{"line":18,"column":30}},"12":{"start":{"line":21,"column":4},"end":{"line":21,"column":51}},"13":{"start":{"line":25,"column":15},"end":{"line":25,"column":43}},"14":{"start":{"line":28,"column":0},"end":{"line":86,"column":3}},"15":{"start":{"line":29,"column":2},"end":{"line":29,"column":33}},"16":{"start":{"line":30,"column":2},"end":{"line":30,"column":24}},"17":{"start":{"line":32,"column":2},"end":{"line":85,"column":3}},"18":{"start":{"line":33,"column":145},"end":{"line":33,"column":153}},"19":{"start":{"line":34,"column":22},"end":{"line":34,"column":30}},"20":{"start":{"line":35,"column":20},"end":{"line":35,"column":37}},"21":{"start":{"line":36,"column":24},"end":{"line":36,"column":81}},"22":{"start":{"line":36,"column":58},"end":{"line":36,"column":80}},"23":{"start":{"line":40,"column":26},"end":{"line":40,"column":58}},"24":{"start":{"line":40,"column":47},"end":{"line":40,"column":57}},"25":{"start":{"line":42,"column":22},"end":{"line":59,"column":4}},"26":{"start":{"line":81,"column":26},"end":{"line":81,"column":50}},"27":{"start":{"line":82,"column":4},"end":{"line":82,"column":40}},"28":{"start":{"line":84,"column":4},"end":{"line":84,"column":53}},"29":{"start":{"line":91,"column":0},"end":{"line":162,"column":3}},"30":{"start":{"line":92,"column":2},"end":{"line":161,"column":3}},"31":{"start":{"line":93,"column":27},"end":{"line":93,"column":37}},"32":{"start":{"line":94,"column":20},"end":{"line":94,"column":28}},"33":{"start":{"line":95,"column":16},"end":{"line":95,"column":22}},"34":{"start":{"line":97,"column":17},"end":{"line":97,"column":44}},"35":{"start":{"line":98,"column":4},"end":{"line":100,"column":5}},"36":{"start":{"line":99,"column":6},"end":{"line":99,"column":73}},"37":{"start":{"line":102,"column":36},"end":{"line":102,"column":40}},"38":{"start":{"line":105,"column":21},"end":{"line":105,"column":56}},"39":{"start":{"line":106,"column":4},"end":{"line":108,"column":5}},"40":{"start":{"line":107,"column":6},"end":{"line":107,"column":71}},"41":{"start":{"line":114,"column":32},"end":{"line":114,"column":73}},"42":{"start":{"line":115,"column":32},"end":{"line":115,"column":74}},"43":{"start":{"line":117,"column":4},"end":{"line":117,"column":37}},"44":{"start":{"line":118,"column":4},"end":{"line":118,"column":37}},"45":{"start":{"line":120,"column":4},"end":{"line":123,"column":5}},"46":{"start":{"line":121,"column":6},"end":{"line":121,"column":115}},"47":{"start":{"line":126,"column":4},"end":{"line":126,"column":38}},"48":{"start":{"line":127,"column":4},"end":{"line":127,"column":26}},"49":{"start":{"line":130,"column":29},"end":{"line":130,"column":80}},"50":{"start":{"line":131,"column":4},"end":{"line":133,"column":5}},"51":{"start":{"line":132,"column":6},"end":{"line":132,"column":87}},"52":{"start":{"line":135,"column":32},"end":{"line":135,"column":115}},"53":{"start":{"line":136,"column":23},"end":{"line":136,"column":136}},"54":{"start":{"line":138,"column":4},"end":{"line":154,"column":5}},"55":{"start":{"line":140,"column":6},"end":{"line":140,"column":37}},"56":{"start":{"line":141,"column":6},"end":{"line":141,"column":30}},"57":{"start":{"line":142,"column":6},"end":{"line":142,"column":36}},"58":{"start":{"line":144,"column":6},"end":{"line":144,"column":32}},"59":{"start":{"line":147,"column":6},"end":{"line":152,"column":9}},"60":{"start":{"line":153,"column":6},"end":{"line":153,"column":32}},"61":{"start":{"line":156,"column":4},"end":{"line":156,"column":49}},"62":{"start":{"line":158,"column":4},"end":{"line":158,"column":74}},"63":{"start":{"line":160,"column":4},"end":{"line":160,"column":70}},"64":{"start":{"line":165,"column":0},"end":{"line":235,"column":3}},"65":{"start":{"line":166,"column":2},"end":{"line":234,"column":3}},"66":{"start":{"line":167,"column":27},"end":{"line":167,"column":37}},"67":{"start":{"line":168,"column":19},"end":{"line":168,"column":27}},"68":{"start":{"line":169,"column":15},"end":{"line":169,"column":21}},"69":{"start":{"line":172,"column":21},"end":{"line":172,"column":56}},"70":{"start":{"line":173,"column":4},"end":{"line":175,"column":5}},"71":{"start":{"line":174,"column":6},"end":{"line":174,"column":71}},"72":{"start":{"line":178,"column":25},"end":{"line":178,"column":65}},"73":{"start":{"line":179,"column":4},"end":{"line":181,"column":5}},"74":{"start":{"line":180,"column":6},"end":{"line":180,"column":120}},"75":{"start":{"line":184,"column":4},"end":{"line":184,"column":49}},"76":{"start":{"line":185,"column":4},"end":{"line":185,"column":26}},"77":{"start":{"line":188,"column":17},"end":{"line":188,"column":44}},"78":{"start":{"line":189,"column":4},"end":{"line":191,"column":5}},"79":{"start":{"line":190,"column":6},"end":{"line":190,"column":73}},"80":{"start":{"line":192,"column":36},"end":{"line":192,"column":40}},"81":{"start":{"line":203,"column":27},"end":{"line":207,"column":2}},"82":{"start":{"line":209,"column":0},"end":{"line":223,"column":1}},"83":{"start":{"line":211,"column":2},"end":{"line":211,"column":41}},"84":{"start":{"line":212,"column":2},"end":{"line":212,"column":34}},"85":{"start":{"line":213,"column":2},"end":{"line":213,"column":40}},"86":{"start":{"line":213,"column":42},"end":{"line":213,"column":76}},"87":{"start":{"line":216,"column":2},"end":{"line":221,"column":5}},"88":{"start":{"line":222,"column":2},"end":{"line":222,"column":36}},"89":{"start":{"line":229,"column":0},"end":{"line":229,"column":49}},"90":{"start":{"line":231,"column":4},"end":{"line":231,"column":91}},"91":{"start":{"line":233,"column":4},"end":{"line":233,"column":53}},"92":{"start":{"line":239,"column":0},"end":{"line":246,"column":5}},"93":{"start":{"line":240,"column":4},"end":{"line":245,"column":5}},"94":{"start":{"line":241,"column":25},"end":{"line":241,"column":46}},"95":{"start":{"line":242,"column":6},"end":{"line":242,"column":27}},"96":{"start":{"line":244,"column":6},"end":{"line":244,"column":55}},"97":{"start":{"line":249,"column":2},"end":{"line":283,"column":5}},"98":{"start":{"line":250,"column":4},"end":{"line":282,"column":5}},"99":{"start":{"line":251,"column":22},"end":{"line":251,"column":24}},"100":{"start":{"line":252,"column":19},"end":{"line":252,"column":38}},"101":{"start":{"line":253,"column":25},"end":{"line":253,"column":51}},"102":{"start":{"line":255,"column":20},"end":{"line":255,"column":43}},"103":{"start":{"line":258,"column":6},"end":{"line":260,"column":7}},"104":{"start":{"line":259,"column":8},"end":{"line":259,"column":59}},"105":{"start":{"line":263,"column":26},"end":{"line":263,"column":62}},"106":{"start":{"line":266,"column":21},"end":{"line":273,"column":23}},"107":{"start":{"line":275,"column":6},"end":{"line":279,"column":9}},"108":{"start":{"line":281,"column":6},"end":{"line":281,"column":55}},"109":{"start":{"line":289,"column":2},"end":{"line":426,"column":3}},"110":{"start":{"line":290,"column":4},"end":{"line":425,"column":5}},"111":{"start":{"line":291,"column":53},"end":{"line":291,"column":62}},"112":{"start":{"line":292,"column":23},"end":{"line":292,"column":35}},"113":{"start":{"line":294,"column":28},"end":{"line":294,"column":38}},"114":{"start":{"line":295,"column":20},"end":{"line":302,"column":9}},"115":{"start":{"line":304,"column":8},"end":{"line":306,"column":9}},"116":{"start":{"line":305,"column":12},"end":{"line":305,"column":38}},"117":{"start":{"line":307,"column":8},"end":{"line":309,"column":9}},"118":{"start":{"line":308,"column":12},"end":{"line":308,"column":30}},"119":{"start":{"line":310,"column":8},"end":{"line":313,"column":7}},"120":{"start":{"line":311,"column":10},"end":{"line":311,"column":68}},"121":{"start":{"line":312,"column":10},"end":{"line":312,"column":58}},"122":{"start":{"line":315,"column":8},"end":{"line":319,"column":7}},"123":{"start":{"line":316,"column":10},"end":{"line":316,"column":26}},"124":{"start":{"line":317,"column":13},"end":{"line":319,"column":7}},"125":{"start":{"line":318,"column":10},"end":{"line":318,"column":35}},"126":{"start":{"line":320,"column":26},"end":{"line":320,"column":72}},"127":{"start":{"line":324,"column":6},"end":{"line":390,"column":7}},"128":{"start":{"line":325,"column":8},"end":{"line":389,"column":9}},"129":{"start":{"line":327,"column":12},"end":{"line":345,"column":14}},"130":{"start":{"line":346,"column":12},"end":{"line":346,"column":18}},"131":{"start":{"line":348,"column":12},"end":{"line":361,"column":14}},"132":{"start":{"line":362,"column":12},"end":{"line":362,"column":18}},"133":{"start":{"line":364,"column":12},"end":{"line":364,"column":42}},"134":{"start":{"line":365,"column":12},"end":{"line":365,"column":18}},"135":{"start":{"line":367,"column":12},"end":{"line":385,"column":14}},"136":{"start":{"line":386,"column":12},"end":{"line":386,"column":18}},"137":{"start":{"line":388,"column":12},"end":{"line":388,"column":18}},"138":{"start":{"line":392,"column":27},"end":{"line":397,"column":31}},"139":{"start":{"line":405,"column":33},"end":{"line":407,"column":10}},"140":{"start":{"line":406,"column":10},"end":{"line":406,"column":89}},"141":{"start":{"line":406,"column":60},"end":{"line":406,"column":87}},"142":{"start":{"line":409,"column":6},"end":{"line":412,"column":7}},"143":{"start":{"line":410,"column":10},"end":{"line":410,"column":78}},"144":{"start":{"line":415,"column":36},"end":{"line":418,"column":8}},"145":{"start":{"line":416,"column":30},"end":{"line":416,"column":82}},"146":{"start":{"line":417,"column":8},"end":{"line":417,"column":57}},"147":{"start":{"line":420,"column":6},"end":{"line":420,"column":38}},"148":{"start":{"line":424,"column":8},"end":{"line":424,"column":57}},"149":{"start":{"line":431,"column":0},"end":{"line":476,"column":3}},"150":{"start":{"line":432,"column":2},"end":{"line":475,"column":3}},"151":{"start":{"line":433,"column":24},"end":{"line":433,"column":34}},"152":{"start":{"line":434,"column":23},"end":{"line":470,"column":6}},"153":{"start":{"line":472,"column":4},"end":{"line":472,"column":25}},"154":{"start":{"line":474,"column":4},"end":{"line":474,"column":53}},"155":{"start":{"line":479,"column":0},"end":{"line":511,"column":3}},"156":{"start":{"line":480,"column":2},"end":{"line":510,"column":3}},"157":{"start":{"line":481,"column":19},"end":{"line":481,"column":31}},"158":{"start":{"line":482,"column":24},"end":{"line":482,"column":34}},"159":{"start":{"line":483,"column":24},"end":{"line":483,"column":70}},"160":{"start":{"line":485,"column":16},"end":{"line":491,"column":5}},"161":{"start":{"line":493,"column":23},"end":{"line":498,"column":25}},"162":{"start":{"line":500,"column":34},"end":{"line":505,"column":6}},"163":{"start":{"line":501,"column":6},"end":{"line":501,"column":66}},"164":{"start":{"line":503,"column":28},"end":{"line":503,"column":80}},"165":{"start":{"line":504,"column":6},"end":{"line":504,"column":55}},"166":{"start":{"line":507,"column":4},"end":{"line":507,"column":36}},"167":{"start":{"line":509,"column":4},"end":{"line":509,"column":53}},"168":{"start":{"line":516,"column":43},"end":{"line":534,"column":1}},"169":{"start":{"line":517,"column":22},"end":{"line":517,"column":26}},"170":{"start":{"line":518,"column":25},"end":{"line":518,"column":53}},"171":{"start":{"line":519,"column":28},"end":{"line":519,"column":113}},"172":{"start":{"line":519,"column":69},"end":{"line":519,"column":105}},"173":{"start":{"line":520,"column":25},"end":{"line":520,"column":78}},"174":{"start":{"line":521,"column":24},"end":{"line":521,"column":127}},"175":{"start":{"line":523,"column":2},"end":{"line":531,"column":3}},"176":{"start":{"line":524,"column":4},"end":{"line":524,"column":67}},"177":{"start":{"line":524,"column":41},"end":{"line":524,"column":67}},"178":{"start":{"line":525,"column":9},"end":{"line":531,"column":3}},"179":{"start":{"line":526,"column":4},"end":{"line":526,"column":51}},"180":{"start":{"line":526,"column":24},"end":{"line":526,"column":51}},"181":{"start":{"line":527,"column":9},"end":{"line":531,"column":3}},"182":{"start":{"line":528,"column":4},"end":{"line":528,"column":50}},"183":{"start":{"line":528,"column":23},"end":{"line":528,"column":50}},"184":{"start":{"line":529,"column":9},"end":{"line":531,"column":3}},"185":{"start":{"line":530,"column":4},"end":{"line":530,"column":63}},"186":{"start":{"line":530,"column":41},"end":{"line":530,"column":63}},"187":{"start":{"line":533,"column":2},"end":{"line":533,"column":15}},"188":{"start":{"line":536,"column":38},"end":{"line":562,"column":1}},"189":{"start":{"line":537,"column":22},"end":{"line":537,"column":26}},"190":{"start":{"line":541,"column":25},"end":{"line":541,"column":53}},"191":{"start":{"line":544,"column":28},"end":{"line":544,"column":113}},"192":{"start":{"line":544,"column":69},"end":{"line":544,"column":105}},"193":{"start":{"line":549,"column":25},"end":{"line":549,"column":78}},"194":{"start":{"line":551,"column":24},"end":{"line":551,"column":127}},"195":{"start":{"line":553,"column":2},"end":{"line":559,"column":3}},"196":{"start":{"line":554,"column":4},"end":{"line":554,"column":30}},"197":{"start":{"line":555,"column":9},"end":{"line":559,"column":3}},"198":{"start":{"line":556,"column":4},"end":{"line":556,"column":31}},"199":{"start":{"line":557,"column":9},"end":{"line":559,"column":3}},"200":{"start":{"line":558,"column":4},"end":{"line":558,"column":31}},"201":{"start":{"line":561,"column":2},"end":{"line":561,"column":23}},"202":{"start":{"line":565,"column":27},"end":{"line":578,"column":1}},"203":{"start":{"line":566,"column":26},"end":{"line":566,"column":68}},"204":{"start":{"line":568,"column":18},"end":{"line":568,"column":19}},"205":{"start":{"line":569,"column":2},"end":{"line":575,"column":3}},"206":{"start":{"line":570,"column":4},"end":{"line":570,"column":20}},"207":{"start":{"line":571,"column":9},"end":{"line":575,"column":3}},"208":{"start":{"line":572,"column":4},"end":{"line":572,"column":20}},"209":{"start":{"line":574,"column":4},"end":{"line":574,"column":20}},"210":{"start":{"line":577,"column":2},"end":{"line":577,"column":38}},"211":{"start":{"line":580,"column":0},"end":{"line":639,"column":3}},"212":{"start":{"line":581,"column":2},"end":{"line":638,"column":3}},"213":{"start":{"line":582,"column":44},"end":{"line":582,"column":53}},"214":{"start":{"line":583,"column":22},"end":{"line":583,"column":24}},"215":{"start":{"line":584,"column":19},"end":{"line":584,"column":38}},"216":{"start":{"line":585,"column":26},"end":{"line":585,"column":36}},"217":{"start":{"line":586,"column":18},"end":{"line":591,"column":7}},"218":{"start":{"line":593,"column":6},"end":{"line":595,"column":7}},"219":{"start":{"line":594,"column":10},"end":{"line":594,"column":36}},"220":{"start":{"line":596,"column":6},"end":{"line":598,"column":7}},"221":{"start":{"line":597,"column":10},"end":{"line":597,"column":28}},"222":{"start":{"line":599,"column":6},"end":{"line":602,"column":5}},"223":{"start":{"line":600,"column":8},"end":{"line":600,"column":66}},"224":{"start":{"line":601,"column":8},"end":{"line":601,"column":56}},"225":{"start":{"line":604,"column":6},"end":{"line":608,"column":5}},"226":{"start":{"line":605,"column":8},"end":{"line":605,"column":24}},"227":{"start":{"line":606,"column":11},"end":{"line":608,"column":5}},"228":{"start":{"line":607,"column":8},"end":{"line":607,"column":33}},"229":{"start":{"line":611,"column":28},"end":{"line":611,"column":64}},"230":{"start":{"line":614,"column":25},"end":{"line":621,"column":25}},"231":{"start":{"line":628,"column":25},"end":{"line":628,"column":61}},"232":{"start":{"line":631,"column":4},"end":{"line":633,"column":3}},"233":{"start":{"line":632,"column":6},"end":{"line":632,"column":74}},"234":{"start":{"line":635,"column":4},"end":{"line":635,"column":57}},"235":{"start":{"line":637,"column":6},"end":{"line":637,"column":55}},"236":{"start":{"line":642,"column":0},"end":{"line":679,"column":3}},"237":{"start":{"line":643,"column":2},"end":{"line":678,"column":3}},"238":{"start":{"line":644,"column":19},"end":{"line":644,"column":31}},"239":{"start":{"line":645,"column":20},"end":{"line":645,"column":22}},"240":{"start":{"line":646,"column":17},"end":{"line":646,"column":36}},"241":{"start":{"line":647,"column":23},"end":{"line":647,"column":49}},"242":{"start":{"line":650,"column":21},"end":{"line":653,"column":6}},"243":{"start":{"line":656,"column":4},"end":{"line":660,"column":5}},"244":{"start":{"line":657,"column":6},"end":{"line":659,"column":9}},"245":{"start":{"line":658,"column":8},"end":{"line":658,"column":78}},"246":{"start":{"line":663,"column":4},"end":{"line":665,"column":7}},"247":{"start":{"line":664,"column":6},"end":{"line":664,"column":105}},"248":{"start":{"line":664,"column":55},"end":{"line":664,"column":103}},"249":{"start":{"line":668,"column":28},"end":{"line":668,"column":45}},"250":{"start":{"line":669,"column":32},"end":{"line":669,"column":86}},"251":{"start":{"line":671,"column":4},"end":{"line":675,"column":7}},"252":{"start":{"line":677,"column":4},"end":{"line":677,"column":53}},"253":{"start":{"line":686,"column":2},"end":{"line":715,"column":3}},"254":{"start":{"line":687,"column":4},"end":{"line":714,"column":5}},"255":{"start":{"line":688,"column":23},"end":{"line":694,"column":19}},"256":{"start":{"line":696,"column":8},"end":{"line":698,"column":9}},"257":{"start":{"line":697,"column":12},"end":{"line":697,"column":77}},"258":{"start":{"line":701,"column":22},"end":{"line":703,"column":19}},"259":{"start":{"line":706,"column":27},"end":{"line":706,"column":46}},"260":{"start":{"line":709,"column":8},"end":{"line":709,"column":49}},"261":{"start":{"line":711,"column":8},"end":{"line":711,"column":31}},"262":{"start":{"line":713,"column":8},"end":{"line":713,"column":57}},"263":{"start":{"line":718,"column":0},"end":{"line":731,"column":3}},"264":{"start":{"line":719,"column":2},"end":{"line":730,"column":1}},"265":{"start":{"line":720,"column":16},"end":{"line":720,"column":26}},"266":{"start":{"line":722,"column":18},"end":{"line":722,"column":45}},"267":{"start":{"line":723,"column":1},"end":{"line":725,"column":2}},"268":{"start":{"line":724,"column":3},"end":{"line":724,"column":68}},"269":{"start":{"line":727,"column":1},"end":{"line":727,"column":20}},"270":{"start":{"line":729,"column":1},"end":{"line":729,"column":60}},"271":{"start":{"line":734,"column":0},"end":{"line":763,"column":3}},"272":{"start":{"line":735,"column":2},"end":{"line":762,"column":3}},"273":{"start":{"line":736,"column":24},"end":{"line":736,"column":34}},"274":{"start":{"line":737,"column":20},"end":{"line":737,"column":28}},"275":{"start":{"line":739,"column":21},"end":{"line":739,"column":53}},"276":{"start":{"line":740,"column":4},"end":{"line":742,"column":5}},"277":{"start":{"line":741,"column":6},"end":{"line":741,"column":71}},"278":{"start":{"line":745,"column":24},"end":{"line":756,"column":7}},"279":{"start":{"line":746,"column":19},"end":{"line":746,"column":46}},"280":{"start":{"line":747,"column":22},"end":{"line":747,"column":61}},"281":{"start":{"line":749,"column":6},"end":{"line":755,"column":8}},"282":{"start":{"line":758,"column":4},"end":{"line":758,"column":26}},"283":{"start":{"line":760,"column":4},"end":{"line":760,"column":100}},"284":{"start":{"line":761,"column":4},"end":{"line":761,"column":67}},"285":{"start":{"line":766,"column":0},"end":{"line":796,"column":3}},"286":{"start":{"line":767,"column":2},"end":{"line":795,"column":3}},"287":{"start":{"line":768,"column":24},"end":{"line":768,"column":34}},"288":{"start":{"line":769,"column":20},"end":{"line":769,"column":28}},"289":{"start":{"line":772,"column":21},"end":{"line":772,"column":53}},"290":{"start":{"line":773,"column":4},"end":{"line":775,"column":5}},"291":{"start":{"line":774,"column":6},"end":{"line":774,"column":71}},"292":{"start":{"line":778,"column":25},"end":{"line":789,"column":7}},"293":{"start":{"line":779,"column":19},"end":{"line":779,"column":46}},"294":{"start":{"line":780,"column":22},"end":{"line":780,"column":61}},"295":{"start":{"line":782,"column":6},"end":{"line":788,"column":8}},"296":{"start":{"line":791,"column":4},"end":{"line":791,"column":27}},"297":{"start":{"line":793,"column":4},"end":{"line":793,"column":94}},"298":{"start":{"line":794,"column":4},"end":{"line":794,"column":67}},"299":{"start":{"line":799,"column":0},"end":{"line":837,"column":3}},"300":{"start":{"line":800,"column":2},"end":{"line":836,"column":3}},"301":{"start":{"line":801,"column":23},"end":{"line":801,"column":36}},"302":{"start":{"line":802,"column":19},"end":{"line":802,"column":31}},"303":{"start":{"line":803,"column":23},"end":{"line":803,"column":31}},"304":{"start":{"line":806,"column":4},"end":{"line":808,"column":5}},"305":{"start":{"line":807,"column":6},"end":{"line":807,"column":85}},"306":{"start":{"line":810,"column":21},"end":{"line":810,"column":56}},"307":{"start":{"line":811,"column":4},"end":{"line":813,"column":5}},"308":{"start":{"line":812,"column":6},"end":{"line":812,"column":69}},"309":{"start":{"line":817,"column":24},"end":{"line":817,"column":127}},"310":{"start":{"line":817,"column":57},"end":{"line":817,"column":126}},"311":{"start":{"line":818,"column":4},"end":{"line":820,"column":5}},"312":{"start":{"line":819,"column":6},"end":{"line":819,"column":86}},"313":{"start":{"line":821,"column":22},"end":{"line":827,"column":5}},"314":{"start":{"line":829,"column":4},"end":{"line":829,"column":38}},"315":{"start":{"line":830,"column":4},"end":{"line":830,"column":26}},"316":{"start":{"line":832,"column":4},"end":{"line":832,"column":70}},"317":{"start":{"line":834,"column":4},"end":{"line":834,"column":68}},"318":{"start":{"line":835,"column":4},"end":{"line":835,"column":78}},"319":{"start":{"line":839,"column":0},"end":{"line":874,"column":3}},"320":{"start":{"line":840,"column":2},"end":{"line":873,"column":3}},"321":{"start":{"line":841,"column":19},"end":{"line":841,"column":64}},"322":{"start":{"line":842,"column":20},"end":{"line":842,"column":22}},"323":{"start":{"line":843,"column":19},"end":{"line":843,"column":37}},"324":{"start":{"line":845,"column":21},"end":{"line":853,"column":17}},"325":{"start":{"line":861,"column":6},"end":{"line":868,"column":7}},"326":{"start":{"line":861,"column":19},"end":{"line":861,"column":20}},"327":{"start":{"line":862,"column":24},"end":{"line":864,"column":21}},"328":{"start":{"line":867,"column":10},"end":{"line":867,"column":45}},"329":{"start":{"line":870,"column":6},"end":{"line":870,"column":25}},"330":{"start":{"line":872,"column":6},"end":{"line":872,"column":55}},"331":{"start":{"line":879,"column":2},"end":{"line":941,"column":5}},"332":{"start":{"line":880,"column":4},"end":{"line":940,"column":5}},"333":{"start":{"line":882,"column":20},"end":{"line":882,"column":58}},"334":{"start":{"line":885,"column":6},"end":{"line":887,"column":7}},"335":{"start":{"line":886,"column":10},"end":{"line":886,"column":75}},"336":{"start":{"line":890,"column":6},"end":{"line":892,"column":5}},"337":{"start":{"line":891,"column":8},"end":{"line":891,"column":74}},"338":{"start":{"line":893,"column":0},"end":{"line":893,"column":70}},"339":{"start":{"line":894,"column":0},"end":{"line":894,"column":42}},"340":{"start":{"line":897,"column":6},"end":{"line":899,"column":7}},"341":{"start":{"line":898,"column":10},"end":{"line":898,"column":110}},"342":{"start":{"line":901,"column":142},"end":{"line":901,"column":150}},"343":{"start":{"line":902,"column":24},"end":{"line":902,"column":32}},"344":{"start":{"line":904,"column":26},"end":{"line":904,"column":44}},"345":{"start":{"line":905,"column":22},"end":{"line":905,"column":30}},"346":{"start":{"line":907,"column":28},"end":{"line":907,"column":50}},"347":{"start":{"line":909,"column":34},"end":{"line":911,"column":8}},"348":{"start":{"line":910,"column":8},"end":{"line":910,"column":31}},"349":{"start":{"line":913,"column":6},"end":{"line":913,"column":39}},"350":{"start":{"line":914,"column":6},"end":{"line":914,"column":28}},"351":{"start":{"line":915,"column":32},"end":{"line":928,"column":7}},"352":{"start":{"line":930,"column":6},"end":{"line":932,"column":7}},"353":{"start":{"line":931,"column":8},"end":{"line":931,"column":54}},"354":{"start":{"line":933,"column":30},"end":{"line":933,"column":113}},"355":{"start":{"line":934,"column":6},"end":{"line":936,"column":7}},"356":{"start":{"line":935,"column":8},"end":{"line":935,"column":73}},"357":{"start":{"line":937,"column":6},"end":{"line":937,"column":32}},"358":{"start":{"line":939,"column":6},"end":{"line":939,"column":55}},"359":{"start":{"line":944,"column":2},"end":{"line":1000,"column":5}},"360":{"start":{"line":945,"column":4},"end":{"line":999,"column":5}},"361":{"start":{"line":946,"column":44},"end":{"line":946,"column":54}},"362":{"start":{"line":947,"column":21},"end":{"line":947,"column":29}},"363":{"start":{"line":948,"column":17},"end":{"line":948,"column":23}},"364":{"start":{"line":950,"column":23},"end":{"line":950,"column":58}},"365":{"start":{"line":951,"column":6},"end":{"line":953,"column":7}},"366":{"start":{"line":952,"column":8},"end":{"line":952,"column":75}},"367":{"start":{"line":956,"column":24},"end":{"line":956,"column":67}},"368":{"start":{"line":957,"column":6},"end":{"line":959,"column":7}},"369":{"start":{"line":958,"column":8},"end":{"line":958,"column":118}},"370":{"start":{"line":961,"column":6},"end":{"line":961,"column":48}},"371":{"start":{"line":962,"column":6},"end":{"line":962,"column":48}},"372":{"start":{"line":963,"column":6},"end":{"line":963,"column":28}},"373":{"start":{"line":964,"column":34},"end":{"line":964,"column":92}},"374":{"start":{"line":965,"column":37},"end":{"line":965,"column":77}},"375":{"start":{"line":966,"column":25},"end":{"line":966,"column":123}},"376":{"start":{"line":973,"column":6},"end":{"line":992,"column":7}},"377":{"start":{"line":975,"column":8},"end":{"line":975,"column":39}},"378":{"start":{"line":976,"column":8},"end":{"line":976,"column":32}},"379":{"start":{"line":977,"column":8},"end":{"line":977,"column":38}},"380":{"start":{"line":978,"column":8},"end":{"line":978,"column":52}},"381":{"start":{"line":980,"column":8},"end":{"line":980,"column":53}},"382":{"start":{"line":982,"column":8},"end":{"line":982,"column":34}},"383":{"start":{"line":985,"column":8},"end":{"line":990,"column":11}},"384":{"start":{"line":991,"column":8},"end":{"line":991,"column":34}},"385":{"start":{"line":994,"column":6},"end":{"line":994,"column":47}},"386":{"start":{"line":996,"column":6},"end":{"line":996,"column":81}},"387":{"start":{"line":998,"column":6},"end":{"line":998,"column":55}},"388":{"start":{"line":1003,"column":2},"end":{"line":1056,"column":5}},"389":{"start":{"line":1004,"column":4},"end":{"line":1055,"column":5}},"390":{"start":{"line":1005,"column":43},"end":{"line":1005,"column":53}},"391":{"start":{"line":1006,"column":21},"end":{"line":1006,"column":29}},"392":{"start":{"line":1007,"column":17},"end":{"line":1007,"column":23}},"393":{"start":{"line":1009,"column":23},"end":{"line":1009,"column":58}},"394":{"start":{"line":1010,"column":6},"end":{"line":1012,"column":7}},"395":{"start":{"line":1011,"column":8},"end":{"line":1011,"column":75}},"396":{"start":{"line":1014,"column":31},"end":{"line":1014,"column":74}},"397":{"start":{"line":1015,"column":6},"end":{"line":1017,"column":7}},"398":{"start":{"line":1016,"column":8},"end":{"line":1016,"column":130}},"399":{"start":{"line":1019,"column":6},"end":{"line":1019,"column":56}},"400":{"start":{"line":1020,"column":6},"end":{"line":1020,"column":46}},"401":{"start":{"line":1021,"column":6},"end":{"line":1021,"column":28}},"402":{"start":{"line":1024,"column":34},"end":{"line":1024,"column":91}},"403":{"start":{"line":1025,"column":37},"end":{"line":1025,"column":77}},"404":{"start":{"line":1026,"column":25},"end":{"line":1026,"column":122}},"405":{"start":{"line":1030,"column":6},"end":{"line":1048,"column":7}},"406":{"start":{"line":1032,"column":8},"end":{"line":1032,"column":39}},"407":{"start":{"line":1033,"column":8},"end":{"line":1033,"column":53}},"408":{"start":{"line":1034,"column":8},"end":{"line":1034,"column":51}},"409":{"start":{"line":1036,"column":8},"end":{"line":1036,"column":32}},"410":{"start":{"line":1037,"column":8},"end":{"line":1037,"column":38}},"411":{"start":{"line":1038,"column":8},"end":{"line":1038,"column":34}},"412":{"start":{"line":1041,"column":8},"end":{"line":1046,"column":11}},"413":{"start":{"line":1047,"column":8},"end":{"line":1047,"column":34}},"414":{"start":{"line":1050,"column":6},"end":{"line":1050,"column":47}},"415":{"start":{"line":1052,"column":6},"end":{"line":1052,"column":123}},"416":{"start":{"line":1054,"column":6},"end":{"line":1054,"column":55}},"417":{"start":{"line":1061,"column":43},"end":{"line":1097,"column":3}},"418":{"start":{"line":1062,"column":15},"end":{"line":1062,"column":21}},"419":{"start":{"line":1064,"column":4},"end":{"line":1096,"column":5}},"420":{"start":{"line":1066,"column":34},"end":{"line":1066,"column":95}},"421":{"start":{"line":1067,"column":37},"end":{"line":1067,"column":77}},"422":{"start":{"line":1070,"column":25},"end":{"line":1073,"column":8}},"423":{"start":{"line":1075,"column":6},"end":{"line":1092,"column":7}},"424":{"start":{"line":1077,"column":8},"end":{"line":1077,"column":39}},"425":{"start":{"line":1078,"column":8},"end":{"line":1078,"column":32}},"426":{"start":{"line":1079,"column":8},"end":{"line":1079,"column":38}},"427":{"start":{"line":1080,"column":8},"end":{"line":1080,"column":54}},"428":{"start":{"line":1081,"column":8},"end":{"line":1081,"column":54}},"429":{"start":{"line":1084,"column":8},"end":{"line":1084,"column":34}},"430":{"start":{"line":1086,"column":8},"end":{"line":1086,"column":53}},"431":{"start":{"line":1089,"column":8},"end":{"line":1089,"column":84}},"432":{"start":{"line":1091,"column":8},"end":{"line":1091,"column":114}},"433":{"start":{"line":1094,"column":6},"end":{"line":1094,"column":81}},"434":{"start":{"line":1095,"column":6},"end":{"line":1095,"column":18}},"435":{"start":{"line":1098,"column":2},"end":{"line":1143,"column":5}},"436":{"start":{"line":1099,"column":4},"end":{"line":1142,"column":5}},"437":{"start":{"line":1100,"column":23},"end":{"line":1100,"column":61}},"438":{"start":{"line":1102,"column":6},"end":{"line":1104,"column":7}},"439":{"start":{"line":1103,"column":8},"end":{"line":1103,"column":73}},"440":{"start":{"line":1107,"column":6},"end":{"line":1139,"column":7}},"441":{"start":{"line":1109,"column":8},"end":{"line":1114,"column":9}},"442":{"start":{"line":1111,"column":10},"end":{"line":1113,"column":11}},"443":{"start":{"line":1112,"column":12},"end":{"line":1112,"column":78}},"444":{"start":{"line":1117,"column":32},"end":{"line":1117,"column":117}},"445":{"start":{"line":1119,"column":8},"end":{"line":1121,"column":9}},"446":{"start":{"line":1120,"column":10},"end":{"line":1120,"column":75}},"447":{"start":{"line":1123,"column":8},"end":{"line":1123,"column":35}},"448":{"start":{"line":1124,"column":8},"end":{"line":1124,"column":34}},"449":{"start":{"line":1127,"column":8},"end":{"line":1127,"column":30}},"450":{"start":{"line":1129,"column":8},"end":{"line":1129,"column":71}},"451":{"start":{"line":1132,"column":32},"end":{"line":1132,"column":79}},"452":{"start":{"line":1134,"column":8},"end":{"line":1136,"column":9}},"453":{"start":{"line":1135,"column":10},"end":{"line":1135,"column":75}},"454":{"start":{"line":1138,"column":8},"end":{"line":1138,"column":71}},"455":{"start":{"line":1141,"column":6},"end":{"line":1141,"column":55}},"456":{"start":{"line":1148,"column":0},"end":{"line":1223,"column":5}},"457":{"start":{"line":1149,"column":4},"end":{"line":1222,"column":5}},"458":{"start":{"line":1150,"column":29},"end":{"line":1150,"column":39}},"459":{"start":{"line":1151,"column":17},"end":{"line":1151,"column":25}},"460":{"start":{"line":1152,"column":13},"end":{"line":1152,"column":19}},"461":{"start":{"line":1155,"column":23},"end":{"line":1155,"column":58}},"462":{"start":{"line":1156,"column":6},"end":{"line":1158,"column":7}},"463":{"start":{"line":1157,"column":8},"end":{"line":1157,"column":73}},"464":{"start":{"line":1161,"column":31},"end":{"line":1161,"column":72}},"465":{"start":{"line":1162,"column":6},"end":{"line":1164,"column":7}},"466":{"start":{"line":1163,"column":8},"end":{"line":1163,"column":102}},"467":{"start":{"line":1167,"column":26},"end":{"line":1167,"column":36}},"468":{"start":{"line":1168,"column":6},"end":{"line":1170,"column":7}},"469":{"start":{"line":1169,"column":8},"end":{"line":1169,"column":98}},"470":{"start":{"line":1173,"column":6},"end":{"line":1173,"column":56}},"471":{"start":{"line":1174,"column":6},"end":{"line":1174,"column":28}},"472":{"start":{"line":1177,"column":15},"end":{"line":1177,"column":42}},"473":{"start":{"line":1178,"column":2},"end":{"line":1180,"column":3}},"474":{"start":{"line":1179,"column":4},"end":{"line":1179,"column":71}},"475":{"start":{"line":1181,"column":34},"end":{"line":1181,"column":38}},"476":{"start":{"line":1192,"column":27},"end":{"line":1196,"column":2}},"477":{"start":{"line":1198,"column":0},"end":{"line":1213,"column":1}},"478":{"start":{"line":1200,"column":2},"end":{"line":1200,"column":41}},"479":{"start":{"line":1201,"column":2},"end":{"line":1201,"column":34}},"480":{"start":{"line":1202,"column":2},"end":{"line":1202,"column":40}},"481":{"start":{"line":1203,"column":2},"end":{"line":1203,"column":36}},"482":{"start":{"line":1206,"column":2},"end":{"line":1211,"column":5}},"483":{"start":{"line":1212,"column":2},"end":{"line":1212,"column":36}},"484":{"start":{"line":1216,"column":2},"end":{"line":1216,"column":51}},"485":{"start":{"line":1219,"column":6},"end":{"line":1219,"column":70}},"486":{"start":{"line":1221,"column":6},"end":{"line":1221,"column":55}},"487":{"start":{"line":1225,"column":2},"end":{"line":1257,"column":5}},"488":{"start":{"line":1226,"column":23},"end":{"line":1226,"column":31}},"489":{"start":{"line":1228,"column":4},"end":{"line":1256,"column":5}},"490":{"start":{"line":1229,"column":23},"end":{"line":1238,"column":8}},"491":{"start":{"line":1240,"column":6},"end":{"line":1240,"column":30}},"492":{"start":{"line":1242,"column":6},"end":{"line":1255,"column":7}},"493":{"start":{"line":1243,"column":8},"end":{"line":1243,"column":67}},"494":{"start":{"line":1244,"column":8},"end":{"line":1248,"column":9}},"495":{"start":{"line":1245,"column":10},"end":{"line":1245,"column":123}},"496":{"start":{"line":1247,"column":10},"end":{"line":1247,"column":75}},"497":{"start":{"line":1249,"column":13},"end":{"line":1255,"column":7}},"498":{"start":{"line":1250,"column":8},"end":{"line":1250,"column":60}},"499":{"start":{"line":1251,"column":8},"end":{"line":1251,"column":69}},"500":{"start":{"line":1253,"column":8},"end":{"line":1253,"column":63}},"501":{"start":{"line":1254,"column":8},"end":{"line":1254,"column":61}},"502":{"start":{"line":1259,"column":0},"end":{"line":1259,"column":24}}},"fnMap":{"0":{"name":"(anonymous_0)","decl":{"start":{"line":17,"column":15},"end":{"line":17,"column":16}},"loc":{"start":{"line":17,"column":40},"end":{"line":19,"column":3}},"line":17},"1":{"name":"(anonymous_1)","decl":{"start":{"line":20,"column":12},"end":{"line":20,"column":13}},"loc":{"start":{"line":20,"column":37},"end":{"line":22,"column":3}},"line":20},"2":{"name":"(anonymous_2)","decl":{"start":{"line":28,"column":53},"end":{"line":28,"column":54}},"loc":{"start":{"line":28,"column":73},"end":{"line":86,"column":1}},"line":28},"3":{"name":"(anonymous_3)","decl":{"start":{"line":36,"column":51},"end":{"line":36,"column":52}},"loc":{"start":{"line":36,"column":58},"end":{"line":36,"column":80}},"line":36},"4":{"name":"(anonymous_4)","decl":{"start":{"line":40,"column":39},"end":{"line":40,"column":40}},"loc":{"start":{"line":40,"column":47},"end":{"line":40,"column":57}},"line":40},"5":{"name":"(anonymous_5)","decl":{"start":{"line":91,"column":53},"end":{"line":91,"column":54}},"loc":{"start":{"line":91,"column":73},"end":{"line":162,"column":1}},"line":91},"6":{"name":"(anonymous_6)","decl":{"start":{"line":165,"column":65},"end":{"line":165,"column":66}},"loc":{"start":{"line":165,"column":85},"end":{"line":235,"column":1}},"line":165},"7":{"name":"(anonymous_7)","decl":{"start":{"line":239,"column":16},"end":{"line":239,"column":17}},"loc":{"start":{"line":239,"column":36},"end":{"line":246,"column":3}},"line":239},"8":{"name":"(anonymous_8)","decl":{"start":{"line":249,"column":39},"end":{"line":249,"column":40}},"loc":{"start":{"line":249,"column":59},"end":{"line":283,"column":3}},"line":249},"9":{"name":"(anonymous_9)","decl":{"start":{"line":289,"column":39},"end":{"line":289,"column":40}},"loc":{"start":{"line":289,"column":59},"end":{"line":426,"column":1}},"line":289},"10":{"name":"(anonymous_10)","decl":{"start":{"line":405,"column":51},"end":{"line":405,"column":52}},"loc":{"start":{"line":405,"column":63},"end":{"line":407,"column":9}},"line":405},"11":{"name":"(anonymous_11)","decl":{"start":{"line":406,"column":45},"end":{"line":406,"column":46}},"loc":{"start":{"line":406,"column":60},"end":{"line":406,"column":87}},"line":406},"12":{"name":"(anonymous_12)","decl":{"start":{"line":415,"column":57},"end":{"line":415,"column":58}},"loc":{"start":{"line":415,"column":69},"end":{"line":418,"column":7}},"line":415},"13":{"name":"(anonymous_13)","decl":{"start":{"line":431,"column":26},"end":{"line":431,"column":27}},"loc":{"start":{"line":431,"column":46},"end":{"line":476,"column":1}},"line":431},"14":{"name":"(anonymous_14)","decl":{"start":{"line":479,"column":38},"end":{"line":479,"column":39}},"loc":{"start":{"line":479,"column":58},"end":{"line":511,"column":1}},"line":479},"15":{"name":"(anonymous_15)","decl":{"start":{"line":500,"column":52},"end":{"line":500,"column":53}},"loc":{"start":{"line":500,"column":64},"end":{"line":502,"column":5}},"line":500},"16":{"name":"(anonymous_16)","decl":{"start":{"line":502,"column":23},"end":{"line":502,"column":24}},"loc":{"start":{"line":502,"column":35},"end":{"line":505,"column":5}},"line":502},"17":{"name":"(anonymous_17)","decl":{"start":{"line":516,"column":43},"end":{"line":516,"column":44}},"loc":{"start":{"line":516,"column":77},"end":{"line":534,"column":1}},"line":516},"18":{"name":"(anonymous_18)","decl":{"start":{"line":519,"column":57},"end":{"line":519,"column":58}},"loc":{"start":{"line":519,"column":69},"end":{"line":519,"column":105}},"line":519},"19":{"name":"(anonymous_19)","decl":{"start":{"line":536,"column":38},"end":{"line":536,"column":39}},"loc":{"start":{"line":536,"column":65},"end":{"line":562,"column":1}},"line":536},"20":{"name":"(anonymous_20)","decl":{"start":{"line":544,"column":57},"end":{"line":544,"column":58}},"loc":{"start":{"line":544,"column":69},"end":{"line":544,"column":105}},"line":544},"21":{"name":"(anonymous_21)","decl":{"start":{"line":565,"column":27},"end":{"line":565,"column":28}},"loc":{"start":{"line":565,"column":66},"end":{"line":578,"column":1}},"line":565},"22":{"name":"(anonymous_22)","decl":{"start":{"line":580,"column":30},"end":{"line":580,"column":31}},"loc":{"start":{"line":580,"column":50},"end":{"line":639,"column":1}},"line":580},"23":{"name":"(anonymous_23)","decl":{"start":{"line":642,"column":35},"end":{"line":642,"column":36}},"loc":{"start":{"line":642,"column":55},"end":{"line":679,"column":1}},"line":642},"24":{"name":"(anonymous_24)","decl":{"start":{"line":657,"column":37},"end":{"line":657,"column":38}},"loc":{"start":{"line":657,"column":49},"end":{"line":659,"column":7}},"line":657},"25":{"name":"(anonymous_25)","decl":{"start":{"line":663,"column":35},"end":{"line":663,"column":36}},"loc":{"start":{"line":663,"column":47},"end":{"line":665,"column":5}},"line":663},"26":{"name":"(anonymous_26)","decl":{"start":{"line":664,"column":40},"end":{"line":664,"column":41}},"loc":{"start":{"line":664,"column":55},"end":{"line":664,"column":103}},"line":664},"27":{"name":"(anonymous_27)","decl":{"start":{"line":686,"column":34},"end":{"line":686,"column":35}},"loc":{"start":{"line":686,"column":54},"end":{"line":715,"column":1}},"line":686},"28":{"name":"(anonymous_28)","decl":{"start":{"line":718,"column":26},"end":{"line":718,"column":27}},"loc":{"start":{"line":718,"column":46},"end":{"line":731,"column":1}},"line":718},"29":{"name":"(anonymous_29)","decl":{"start":{"line":734,"column":49},"end":{"line":734,"column":50}},"loc":{"start":{"line":734,"column":69},"end":{"line":763,"column":1}},"line":734},"30":{"name":"(anonymous_30)","decl":{"start":{"line":745,"column":67},"end":{"line":745,"column":68}},"loc":{"start":{"line":745,"column":83},"end":{"line":756,"column":5}},"line":745},"31":{"name":"(anonymous_31)","decl":{"start":{"line":766,"column":50},"end":{"line":766,"column":51}},"loc":{"start":{"line":766,"column":70},"end":{"line":796,"column":1}},"line":766},"32":{"name":"(anonymous_32)","decl":{"start":{"line":778,"column":69},"end":{"line":778,"column":70}},"loc":{"start":{"line":778,"column":85},"end":{"line":789,"column":5}},"line":778},"33":{"name":"(anonymous_33)","decl":{"start":{"line":799,"column":39},"end":{"line":799,"column":40}},"loc":{"start":{"line":799,"column":59},"end":{"line":837,"column":1}},"line":799},"34":{"name":"(anonymous_34)","decl":{"start":{"line":817,"column":47},"end":{"line":817,"column":48}},"loc":{"start":{"line":817,"column":57},"end":{"line":817,"column":126}},"line":817},"35":{"name":"(anonymous_35)","decl":{"start":{"line":839,"column":41},"end":{"line":839,"column":42}},"loc":{"start":{"line":839,"column":61},"end":{"line":874,"column":1}},"line":839},"36":{"name":"(anonymous_36)","decl":{"start":{"line":879,"column":57},"end":{"line":879,"column":58}},"loc":{"start":{"line":879,"column":77},"end":{"line":941,"column":3}},"line":879},"37":{"name":"(anonymous_37)","decl":{"start":{"line":909,"column":52},"end":{"line":909,"column":53}},"loc":{"start":{"line":909,"column":73},"end":{"line":911,"column":7}},"line":909},"38":{"name":"(anonymous_38)","decl":{"start":{"line":944,"column":64},"end":{"line":944,"column":65}},"loc":{"start":{"line":944,"column":84},"end":{"line":1000,"column":3}},"line":944},"39":{"name":"(anonymous_39)","decl":{"start":{"line":1003,"column":63},"end":{"line":1003,"column":64}},"loc":{"start":{"line":1003,"column":83},"end":{"line":1056,"column":3}},"line":1003},"40":{"name":"(anonymous_40)","decl":{"start":{"line":1061,"column":43},"end":{"line":1061,"column":44}},"loc":{"start":{"line":1061,"column":80},"end":{"line":1097,"column":3}},"line":1061},"41":{"name":"(anonymous_41)","decl":{"start":{"line":1098,"column":24},"end":{"line":1098,"column":25}},"loc":{"start":{"line":1098,"column":44},"end":{"line":1143,"column":3}},"line":1098},"42":{"name":"(anonymous_42)","decl":{"start":{"line":1148,"column":53},"end":{"line":1148,"column":54}},"loc":{"start":{"line":1148,"column":73},"end":{"line":1223,"column":3}},"line":1148},"43":{"name":"(anonymous_43)","decl":{"start":{"line":1225,"column":33},"end":{"line":1225,"column":34}},"loc":{"start":{"line":1225,"column":53},"end":{"line":1257,"column":3}},"line":1225}},"branchMap":{"0":{"loc":{"start":{"line":98,"column":4},"end":{"line":100,"column":5}},"type":"if","locations":[{"start":{"line":98,"column":4},"end":{"line":100,"column":5}},{"start":{},"end":{}}],"line":98},"1":{"loc":{"start":{"line":106,"column":4},"end":{"line":108,"column":5}},"type":"if","locations":[{"start":{"line":106,"column":4},"end":{"line":108,"column":5}},{"start":{},"end":{}}],"line":106},"2":{"loc":{"start":{"line":120,"column":4},"end":{"line":123,"column":5}},"type":"if","locations":[{"start":{"line":120,"column":4},"end":{"line":123,"column":5}},{"start":{},"end":{}}],"line":120},"3":{"loc":{"start":{"line":120,"column":8},"end":{"line":120,"column":50}},"type":"binary-expr","locations":[{"start":{"line":120,"column":8},"end":{"line":120,"column":27}},{"start":{"line":120,"column":31},"end":{"line":120,"column":50}}],"line":120},"4":{"loc":{"start":{"line":131,"column":4},"end":{"line":133,"column":5}},"type":"if","locations":[{"start":{"line":131,"column":4},"end":{"line":133,"column":5}},{"start":{},"end":{}}],"line":131},"5":{"loc":{"start":{"line":138,"column":4},"end":{"line":154,"column":5}},"type":"if","locations":[{"start":{"line":138,"column":4},"end":{"line":154,"column":5}},{"start":{"line":145,"column":11},"end":{"line":154,"column":5}}],"line":138},"6":{"loc":{"start":{"line":173,"column":4},"end":{"line":175,"column":5}},"type":"if","locations":[{"start":{"line":173,"column":4},"end":{"line":175,"column":5}},{"start":{},"end":{}}],"line":173},"7":{"loc":{"start":{"line":179,"column":4},"end":{"line":181,"column":5}},"type":"if","locations":[{"start":{"line":179,"column":4},"end":{"line":181,"column":5}},{"start":{},"end":{}}],"line":179},"8":{"loc":{"start":{"line":189,"column":4},"end":{"line":191,"column":5}},"type":"if","locations":[{"start":{"line":189,"column":4},"end":{"line":191,"column":5}},{"start":{},"end":{}}],"line":189},"9":{"loc":{"start":{"line":209,"column":0},"end":{"line":223,"column":1}},"type":"if","locations":[{"start":{"line":209,"column":0},"end":{"line":223,"column":1}},{"start":{"line":214,"column":7},"end":{"line":223,"column":1}}],"line":209},"10":{"loc":{"start":{"line":252,"column":19},"end":{"line":252,"column":38}},"type":"binary-expr","locations":[{"start":{"line":252,"column":19},"end":{"line":252,"column":33}},{"start":{"line":252,"column":37},"end":{"line":252,"column":38}}],"line":252},"11":{"loc":{"start":{"line":253,"column":25},"end":{"line":253,"column":51}},"type":"binary-expr","locations":[{"start":{"line":253,"column":25},"end":{"line":253,"column":45}},{"start":{"line":253,"column":49},"end":{"line":253,"column":51}}],"line":253},"12":{"loc":{"start":{"line":258,"column":6},"end":{"line":260,"column":7}},"type":"if","locations":[{"start":{"line":258,"column":6},"end":{"line":260,"column":7}},{"start":{},"end":{}}],"line":258},"13":{"loc":{"start":{"line":304,"column":8},"end":{"line":306,"column":9}},"type":"if","locations":[{"start":{"line":304,"column":8},"end":{"line":306,"column":9}},{"start":{},"end":{}}],"line":304},"14":{"loc":{"start":{"line":307,"column":8},"end":{"line":309,"column":9}},"type":"if","locations":[{"start":{"line":307,"column":8},"end":{"line":309,"column":9}},{"start":{},"end":{}}],"line":307},"15":{"loc":{"start":{"line":310,"column":8},"end":{"line":313,"column":7}},"type":"if","locations":[{"start":{"line":310,"column":8},"end":{"line":313,"column":7}},{"start":{},"end":{}}],"line":310},"16":{"loc":{"start":{"line":315,"column":8},"end":{"line":319,"column":7}},"type":"if","locations":[{"start":{"line":315,"column":8},"end":{"line":319,"column":7}},{"start":{"line":317,"column":13},"end":{"line":319,"column":7}}],"line":315},"17":{"loc":{"start":{"line":317,"column":13},"end":{"line":319,"column":7}},"type":"if","locations":[{"start":{"line":317,"column":13},"end":{"line":319,"column":7}},{"start":{},"end":{}}],"line":317},"18":{"loc":{"start":{"line":324,"column":6},"end":{"line":390,"column":7}},"type":"if","locations":[{"start":{"line":324,"column":6},"end":{"line":390,"column":7}},{"start":{},"end":{}}],"line":324},"19":{"loc":{"start":{"line":325,"column":8},"end":{"line":389,"column":9}},"type":"switch","locations":[{"start":{"line":326,"column":10},"end":{"line":346,"column":18}},{"start":{"line":347,"column":10},"end":{"line":362,"column":18}},{"start":{"line":363,"column":10},"end":{"line":365,"column":18}},{"start":{"line":366,"column":10},"end":{"line":386,"column":18}},{"start":{"line":387,"column":10},"end":{"line":388,"column":18}}],"line":325},"20":{"loc":{"start":{"line":409,"column":6},"end":{"line":412,"column":7}},"type":"if","locations":[{"start":{"line":409,"column":6},"end":{"line":412,"column":7}},{"start":{},"end":{}}],"line":409},"21":{"loc":{"start":{"line":521,"column":24},"end":{"line":521,"column":127}},"type":"binary-expr","locations":[{"start":{"line":521,"column":24},"end":{"line":521,"column":58}},{"start":{"line":521,"column":63},"end":{"line":521,"column":84}},{"start":{"line":521,"column":88},"end":{"line":521,"column":126}}],"line":521},"22":{"loc":{"start":{"line":523,"column":2},"end":{"line":531,"column":3}},"type":"if","locations":[{"start":{"line":523,"column":2},"end":{"line":531,"column":3}},{"start":{"line":525,"column":9},"end":{"line":531,"column":3}}],"line":523},"23":{"loc":{"start":{"line":524,"column":4},"end":{"line":524,"column":67}},"type":"if","locations":[{"start":{"line":524,"column":4},"end":{"line":524,"column":67}},{"start":{},"end":{}}],"line":524},"24":{"loc":{"start":{"line":524,"column":8},"end":{"line":524,"column":39}},"type":"binary-expr","locations":[{"start":{"line":524,"column":8},"end":{"line":524,"column":22}},{"start":{"line":524,"column":26},"end":{"line":524,"column":39}}],"line":524},"25":{"loc":{"start":{"line":525,"column":9},"end":{"line":531,"column":3}},"type":"if","locations":[{"start":{"line":525,"column":9},"end":{"line":531,"column":3}},{"start":{"line":527,"column":9},"end":{"line":531,"column":3}}],"line":525},"26":{"loc":{"start":{"line":526,"column":4},"end":{"line":526,"column":51}},"type":"if","locations":[{"start":{"line":526,"column":4},"end":{"line":526,"column":51}},{"start":{},"end":{}}],"line":526},"27":{"loc":{"start":{"line":527,"column":9},"end":{"line":531,"column":3}},"type":"if","locations":[{"start":{"line":527,"column":9},"end":{"line":531,"column":3}},{"start":{"line":529,"column":9},"end":{"line":531,"column":3}}],"line":527},"28":{"loc":{"start":{"line":528,"column":4},"end":{"line":528,"column":50}},"type":"if","locations":[{"start":{"line":528,"column":4},"end":{"line":528,"column":50}},{"start":{},"end":{}}],"line":528},"29":{"loc":{"start":{"line":529,"column":9},"end":{"line":531,"column":3}},"type":"if","locations":[{"start":{"line":529,"column":9},"end":{"line":531,"column":3}},{"start":{},"end":{}}],"line":529},"30":{"loc":{"start":{"line":530,"column":4},"end":{"line":530,"column":63}},"type":"if","locations":[{"start":{"line":530,"column":4},"end":{"line":530,"column":63}},{"start":{},"end":{}}],"line":530},"31":{"loc":{"start":{"line":530,"column":8},"end":{"line":530,"column":39}},"type":"binary-expr","locations":[{"start":{"line":530,"column":8},"end":{"line":530,"column":22}},{"start":{"line":530,"column":26},"end":{"line":530,"column":39}}],"line":530},"32":{"loc":{"start":{"line":551,"column":24},"end":{"line":551,"column":127}},"type":"binary-expr","locations":[{"start":{"line":551,"column":24},"end":{"line":551,"column":58}},{"start":{"line":551,"column":63},"end":{"line":551,"column":84}},{"start":{"line":551,"column":88},"end":{"line":551,"column":126}}],"line":551},"33":{"loc":{"start":{"line":553,"column":2},"end":{"line":559,"column":3}},"type":"if","locations":[{"start":{"line":553,"column":2},"end":{"line":559,"column":3}},{"start":{"line":555,"column":9},"end":{"line":559,"column":3}}],"line":553},"34":{"loc":{"start":{"line":553,"column":6},"end":{"line":553,"column":37}},"type":"binary-expr","locations":[{"start":{"line":553,"column":6},"end":{"line":553,"column":20}},{"start":{"line":553,"column":24},"end":{"line":553,"column":37}}],"line":553},"35":{"loc":{"start":{"line":555,"column":9},"end":{"line":559,"column":3}},"type":"if","locations":[{"start":{"line":555,"column":9},"end":{"line":559,"column":3}},{"start":{"line":557,"column":9},"end":{"line":559,"column":3}}],"line":555},"36":{"loc":{"start":{"line":557,"column":9},"end":{"line":559,"column":3}},"type":"if","locations":[{"start":{"line":557,"column":9},"end":{"line":559,"column":3}},{"start":{},"end":{}}],"line":557},"37":{"loc":{"start":{"line":569,"column":2},"end":{"line":575,"column":3}},"type":"if","locations":[{"start":{"line":569,"column":2},"end":{"line":575,"column":3}},{"start":{"line":571,"column":9},"end":{"line":575,"column":3}}],"line":569},"38":{"loc":{"start":{"line":571,"column":9},"end":{"line":575,"column":3}},"type":"if","locations":[{"start":{"line":571,"column":9},"end":{"line":575,"column":3}},{"start":{"line":573,"column":9},"end":{"line":575,"column":3}}],"line":571},"39":{"loc":{"start":{"line":584,"column":19},"end":{"line":584,"column":38}},"type":"binary-expr","locations":[{"start":{"line":584,"column":19},"end":{"line":584,"column":33}},{"start":{"line":584,"column":37},"end":{"line":584,"column":38}}],"line":584},"40":{"loc":{"start":{"line":593,"column":6},"end":{"line":595,"column":7}},"type":"if","locations":[{"start":{"line":593,"column":6},"end":{"line":595,"column":7}},{"start":{},"end":{}}],"line":593},"41":{"loc":{"start":{"line":596,"column":6},"end":{"line":598,"column":7}},"type":"if","locations":[{"start":{"line":596,"column":6},"end":{"line":598,"column":7}},{"start":{},"end":{}}],"line":596},"42":{"loc":{"start":{"line":599,"column":6},"end":{"line":602,"column":5}},"type":"if","locations":[{"start":{"line":599,"column":6},"end":{"line":602,"column":5}},{"start":{},"end":{}}],"line":599},"43":{"loc":{"start":{"line":604,"column":6},"end":{"line":608,"column":5}},"type":"if","locations":[{"start":{"line":604,"column":6},"end":{"line":608,"column":5}},{"start":{"line":606,"column":11},"end":{"line":608,"column":5}}],"line":604},"44":{"loc":{"start":{"line":606,"column":11},"end":{"line":608,"column":5}},"type":"if","locations":[{"start":{"line":606,"column":11},"end":{"line":608,"column":5}},{"start":{},"end":{}}],"line":606},"45":{"loc":{"start":{"line":631,"column":4},"end":{"line":633,"column":3}},"type":"if","locations":[{"start":{"line":631,"column":4},"end":{"line":633,"column":3}},{"start":{},"end":{}}],"line":631},"46":{"loc":{"start":{"line":646,"column":17},"end":{"line":646,"column":36}},"type":"binary-expr","locations":[{"start":{"line":646,"column":17},"end":{"line":646,"column":31}},{"start":{"line":646,"column":35},"end":{"line":646,"column":36}}],"line":646},"47":{"loc":{"start":{"line":647,"column":23},"end":{"line":647,"column":49}},"type":"binary-expr","locations":[{"start":{"line":647,"column":23},"end":{"line":647,"column":43}},{"start":{"line":647,"column":47},"end":{"line":647,"column":49}}],"line":647},"48":{"loc":{"start":{"line":656,"column":4},"end":{"line":660,"column":5}},"type":"if","locations":[{"start":{"line":656,"column":4},"end":{"line":660,"column":5}},{"start":{},"end":{}}],"line":656},"49":{"loc":{"start":{"line":696,"column":8},"end":{"line":698,"column":9}},"type":"if","locations":[{"start":{"line":696,"column":8},"end":{"line":698,"column":9}},{"start":{},"end":{}}],"line":696},"50":{"loc":{"start":{"line":723,"column":1},"end":{"line":725,"column":2}},"type":"if","locations":[{"start":{"line":723,"column":1},"end":{"line":725,"column":2}},{"start":{},"end":{}}],"line":723},"51":{"loc":{"start":{"line":740,"column":4},"end":{"line":742,"column":5}},"type":"if","locations":[{"start":{"line":740,"column":4},"end":{"line":742,"column":5}},{"start":{},"end":{}}],"line":740},"52":{"loc":{"start":{"line":773,"column":4},"end":{"line":775,"column":5}},"type":"if","locations":[{"start":{"line":773,"column":4},"end":{"line":775,"column":5}},{"start":{},"end":{}}],"line":773},"53":{"loc":{"start":{"line":806,"column":4},"end":{"line":808,"column":5}},"type":"if","locations":[{"start":{"line":806,"column":4},"end":{"line":808,"column":5}},{"start":{},"end":{}}],"line":806},"54":{"loc":{"start":{"line":811,"column":4},"end":{"line":813,"column":5}},"type":"if","locations":[{"start":{"line":811,"column":4},"end":{"line":813,"column":5}},{"start":{},"end":{}}],"line":811},"55":{"loc":{"start":{"line":817,"column":57},"end":{"line":817,"column":126}},"type":"binary-expr","locations":[{"start":{"line":817,"column":57},"end":{"line":817,"column":101}},{"start":{"line":817,"column":105},"end":{"line":817,"column":126}}],"line":817},"56":{"loc":{"start":{"line":818,"column":4},"end":{"line":820,"column":5}},"type":"if","locations":[{"start":{"line":818,"column":4},"end":{"line":820,"column":5}},{"start":{},"end":{}}],"line":818},"57":{"loc":{"start":{"line":841,"column":19},"end":{"line":841,"column":64}},"type":"cond-expr","locations":[{"start":{"line":841,"column":36},"end":{"line":841,"column":60}},{"start":{"line":841,"column":63},"end":{"line":841,"column":64}}],"line":841},"58":{"loc":{"start":{"line":885,"column":6},"end":{"line":887,"column":7}},"type":"if","locations":[{"start":{"line":885,"column":6},"end":{"line":887,"column":7}},{"start":{},"end":{}}],"line":885},"59":{"loc":{"start":{"line":890,"column":6},"end":{"line":892,"column":5}},"type":"if","locations":[{"start":{"line":890,"column":6},"end":{"line":892,"column":5}},{"start":{},"end":{}}],"line":890},"60":{"loc":{"start":{"line":897,"column":6},"end":{"line":899,"column":7}},"type":"if","locations":[{"start":{"line":897,"column":6},"end":{"line":899,"column":7}},{"start":{},"end":{}}],"line":897},"61":{"loc":{"start":{"line":930,"column":6},"end":{"line":932,"column":7}},"type":"if","locations":[{"start":{"line":930,"column":6},"end":{"line":932,"column":7}},{"start":{},"end":{}}],"line":930},"62":{"loc":{"start":{"line":934,"column":6},"end":{"line":936,"column":7}},"type":"if","locations":[{"start":{"line":934,"column":6},"end":{"line":936,"column":7}},{"start":{},"end":{}}],"line":934},"63":{"loc":{"start":{"line":951,"column":6},"end":{"line":953,"column":7}},"type":"if","locations":[{"start":{"line":951,"column":6},"end":{"line":953,"column":7}},{"start":{},"end":{}}],"line":951},"64":{"loc":{"start":{"line":957,"column":6},"end":{"line":959,"column":7}},"type":"if","locations":[{"start":{"line":957,"column":6},"end":{"line":959,"column":7}},{"start":{},"end":{}}],"line":957},"65":{"loc":{"start":{"line":973,"column":6},"end":{"line":992,"column":7}},"type":"if","locations":[{"start":{"line":973,"column":6},"end":{"line":992,"column":7}},{"start":{"line":983,"column":13},"end":{"line":992,"column":7}}],"line":973},"66":{"loc":{"start":{"line":1010,"column":6},"end":{"line":1012,"column":7}},"type":"if","locations":[{"start":{"line":1010,"column":6},"end":{"line":1012,"column":7}},{"start":{},"end":{}}],"line":1010},"67":{"loc":{"start":{"line":1015,"column":6},"end":{"line":1017,"column":7}},"type":"if","locations":[{"start":{"line":1015,"column":6},"end":{"line":1017,"column":7}},{"start":{},"end":{}}],"line":1015},"68":{"loc":{"start":{"line":1030,"column":6},"end":{"line":1048,"column":7}},"type":"if","locations":[{"start":{"line":1030,"column":6},"end":{"line":1048,"column":7}},{"start":{"line":1039,"column":13},"end":{"line":1048,"column":7}}],"line":1030},"69":{"loc":{"start":{"line":1075,"column":6},"end":{"line":1092,"column":7}},"type":"if","locations":[{"start":{"line":1075,"column":6},"end":{"line":1092,"column":7}},{"start":{"line":1090,"column":13},"end":{"line":1092,"column":7}}],"line":1075},"70":{"loc":{"start":{"line":1102,"column":6},"end":{"line":1104,"column":7}},"type":"if","locations":[{"start":{"line":1102,"column":6},"end":{"line":1104,"column":7}},{"start":{},"end":{}}],"line":1102},"71":{"loc":{"start":{"line":1107,"column":6},"end":{"line":1139,"column":7}},"type":"if","locations":[{"start":{"line":1107,"column":6},"end":{"line":1139,"column":7}},{"start":{"line":1130,"column":13},"end":{"line":1139,"column":7}}],"line":1107},"72":{"loc":{"start":{"line":1109,"column":8},"end":{"line":1114,"column":9}},"type":"if","locations":[{"start":{"line":1109,"column":8},"end":{"line":1114,"column":9}},{"start":{},"end":{}}],"line":1109},"73":{"loc":{"start":{"line":1119,"column":8},"end":{"line":1121,"column":9}},"type":"if","locations":[{"start":{"line":1119,"column":8},"end":{"line":1121,"column":9}},{"start":{},"end":{}}],"line":1119},"74":{"loc":{"start":{"line":1134,"column":8},"end":{"line":1136,"column":9}},"type":"if","locations":[{"start":{"line":1134,"column":8},"end":{"line":1136,"column":9}},{"start":{},"end":{}}],"line":1134},"75":{"loc":{"start":{"line":1156,"column":6},"end":{"line":1158,"column":7}},"type":"if","locations":[{"start":{"
[...]
n":15},"end":{"line":5,"column":32}},"5":{"start":{"line":6,"column":17},"end":{"line":6,"column":49}},"6":{"start":{"line":7,"column":16},"end":{"line":7,"column":47}},"7":{"start":{"line":8,"column":16},"end":{"line":8,"column":47}},"8":{"start":{"line":9,"column":15},"end":{"line":9,"column":32}},"9":{"start":{"line":10,"column":11},"end":{"line":10,"column":24}},"10":{"start":{"line":11,"column":13},"end":{"line":11,"column":28}},"11":{"start":{"line":14,"column":18},"end":{"line":14,"column":66}},"12":{"start":{"line":15,"column":0},"end":{"line":15,"column":52}},"13":{"start":{"line":18,"column":16},"end":{"line":25,"column":2}},"14":{"start":{"line":20,"column":4},"end":{"line":20,"column":24}},"15":{"start":{"line":23,"column":4},"end":{"line":23,"column":51}},"16":{"start":{"line":26,"column":15},"end":{"line":26,"column":43}},"17":{"start":{"line":28,"column":0},"end":{"line":91,"column":3}},"18":{"start":{"line":29,"column":4},"end":{"line":90,"column":5}},"19":{"start":{"line":31,"column":26},"end":{"line":31,"column":35}},"20":{"start":{"line":32,"column":20},"end":{"line":32,"column":29}},"21":{"start":{"line":36,"column":0},"end":{"line":44,"column":1}},"22":{"start":{"line":37,"column":27},"end":{"line":37,"column":43}},"23":{"start":{"line":38,"column":4},"end":{"line":38,"column":22}},"24":{"start":{"line":39,"column":4},"end":{"line":39,"column":41}},"25":{"start":{"line":42,"column":4},"end":{"line":42,"column":27}},"26":{"start":{"line":43,"column":4},"end":{"line":43,"column":18}},"27":{"start":{"line":47,"column":22},"end":{"line":47,"column":24}},"28":{"start":{"line":51,"column":0},"end":{"line":58,"column":1}},"29":{"start":{"line":53,"column":24},"end":{"line":53,"column":62}},"30":{"start":{"line":55,"column":2},"end":{"line":57,"column":3}},"31":{"start":{"line":56,"column":6},"end":{"line":56,"column":83}},"32":{"start":{"line":59,"column":19},"end":{"line":59,"column":46}},"33":{"start":{"line":61,"column":24},"end":{"line":61,"column":26}},"34":{"start":{"line":62,"column":17},"end":{"line":62,"column":62}},"35":{"start":{"line":64,"column":13},"end":{"line":64,"column":42}},"36":{"start":{"line":65,"column":19},"end":{"line":65,"column":40}},"37":{"start":{"line":66,"column":17},"end":{"line":66,"column":60}},"38":{"start":{"line":68,"column":14},"end":{"line":71,"column":20}},"39":{"start":{"line":74,"column":12},"end":{"line":78,"column":15}},"40":{"start":{"line":75,"column":14},"end":{"line":77,"column":15}},"41":{"start":{"line":76,"column":18},"end":{"line":76,"column":94}},"42":{"start":{"line":80,"column":8},"end":{"line":80,"column":82}},"43":{"start":{"line":83,"column":8},"end":{"line":86,"column":13}},"44":{"start":{"line":83,"column":36},"end":{"line":86,"column":9}},"45":{"start":{"line":88,"column":8},"end":{"line":88,"column":82}},"46":{"start":{"line":89,"column":8},"end":{"line":89,"column":91}},"47":{"start":{"line":94,"column":0},"end":{"line":222,"column":3}},"48":{"start":{"line":95,"column":2},"end":{"line":221,"column":3}},"49":{"start":{"line":96,"column":19},"end":{"line":96,"column":32}},"50":{"start":{"line":99,"column":17},"end":{"line":99,"column":44}},"51":{"start":{"line":100,"column":4},"end":{"line":102,"column":5}},"52":{"start":{"line":101,"column":6},"end":{"line":101,"column":71}},"53":{"start":{"line":105,"column":4},"end":{"line":107,"column":5}},"54":{"start":{"line":106,"column":6},"end":{"line":106,"column":82}},"55":{"start":{"line":110,"column":23},"end":{"line":110,"column":75}},"56":{"start":{"line":113,"column":20},"end":{"line":113,"column":59}},"57":{"start":{"line":116,"column":26},"end":{"line":116,"column":64}},"58":{"start":{"line":117,"column":27},"end":{"line":117,"column":65}},"59":{"start":{"line":118,"column":21},"end":{"line":118,"column":52}},"60":{"start":{"line":122,"column":21},"end":{"line":122,"column":78}},"61":{"start":{"line":125,"column":29},"end":{"line":125,"column":31}},"62":{"start":{"line":139,"column":0},"end":{"line":146,"column":3}},"63":{"start":{"line":140,"column":23},"end":{"line":140,"column":44}},"64":{"start":{"line":141,"column":2},"end":{"line":145,"column":3}},"65":{"start":{"line":142,"column":6},"end":{"line":142,"column":45}},"66":{"start":{"line":144,"column":6},"end":{"line":144,"column":43}},"67":{"start":{"line":149,"column":0},"end":{"line":149,"column":55}},"68":{"start":{"line":152,"column":0},"end":{"line":152,"column":66}},"69":{"start":{"line":162,"column":32},"end":{"line":191,"column":6}},"70":{"start":{"line":193,"column":4},"end":{"line":193,"column":65}},"71":{"start":{"line":196,"column":36},"end":{"line":196,"column":38}},"72":{"start":{"line":199,"column":0},"end":{"line":201,"column":3}},"73":{"start":{"line":200,"column":2},"end":{"line":200,"column":52}},"74":{"start":{"line":203,"column":0},"end":{"line":203,"column":66}},"75":{"start":{"line":206,"column":26},"end":{"line":215,"column":5}},"76":{"start":{"line":217,"column":4},"end":{"line":217,"column":28}},"77":{"start":{"line":219,"column":4},"end":{"line":219,"column":79}},"78":{"start":{"line":220,"column":4},"end":{"line":220,"column":88}},"79":{"start":{"line":225,"column":0},"end":{"line":262,"column":5}},"80":{"start":{"line":226,"column":4},"end":{"line":261,"column":5}},"81":{"start":{"line":228,"column":55},"end":{"line":228,"column":63}},"82":{"start":{"line":229,"column":6},"end":{"line":231,"column":7}},"83":{"start":{"line":230,"column":8},"end":{"line":230,"column":78}},"84":{"start":{"line":232,"column":29},"end":{"line":232,"column":46}},"85":{"start":{"line":236,"column":27},"end":{"line":236,"column":56}},"86":{"start":{"line":237,"column":6},"end":{"line":239,"column":7}},"87":{"start":{"line":238,"column":8},"end":{"line":238,"column":78}},"88":{"start":{"line":242,"column":29},"end":{"line":242,"column":60}},"89":{"start":{"line":245,"column":22},"end":{"line":252,"column":8}},"90":{"start":{"line":255,"column":6},"end":{"line":255,"column":27}},"91":{"start":{"line":257,"column":6},"end":{"line":257,"column":36}},"92":{"start":{"line":259,"column":6},"end":{"line":259,"column":87}},"93":{"start":{"line":260,"column":6},"end":{"line":260,"column":96}},"94":{"start":{"line":264,"column":2},"end":{"line":300,"column":3}},"95":{"start":{"line":265,"column":4},"end":{"line":299,"column":5}},"96":{"start":{"line":266,"column":23},"end":{"line":266,"column":36}},"97":{"start":{"line":267,"column":59},"end":{"line":267,"column":67}},"98":{"start":{"line":270,"column":21},"end":{"line":270,"column":48}},"99":{"start":{"line":271,"column":8},"end":{"line":273,"column":9}},"100":{"start":{"line":272,"column":12},"end":{"line":272,"column":77}},"101":{"start":{"line":276,"column":8},"end":{"line":278,"column":9}},"102":{"start":{"line":277,"column":12},"end":{"line":277,"column":116}},"103":{"start":{"line":281,"column":8},"end":{"line":291,"column":9}},"104":{"start":{"line":283,"column":12},"end":{"line":283,"column":36}},"105":{"start":{"line":284,"column":12},"end":{"line":284,"column":55}},"106":{"start":{"line":285,"column":12},"end":{"line":285,"column":59}},"107":{"start":{"line":288,"column":12},"end":{"line":288,"column":37}},"108":{"start":{"line":289,"column":12},"end":{"line":289,"column":42}},"109":{"start":{"line":290,"column":12},"end":{"line":290,"column":44}},"110":{"start":{"line":293,"column":8},"end":{"line":293,"column":26}},"111":{"start":{"line":295,"column":8},"end":{"line":295,"column":95}},"112":{"start":{"line":297,"column":8},"end":{"line":297,"column":99}},"113":{"start":{"line":298,"column":8},"end":{"line":298,"column":108}},"114":{"start":{"line":304,"column":0},"end":{"line":334,"column":3}},"115":{"start":{"line":305,"column":2},"end":{"line":333,"column":3}},"116":{"start":{"line":306,"column":21},"end":{"line":306,"column":29}},"117":{"start":{"line":309,"column":19},"end":{"line":309,"column":46}},"118":{"start":{"line":310,"column":6},"end":{"line":312,"column":7}},"119":{"start":{"line":311,"column":10},"end":{"line":311,"column":76}},"120":{"start":{"line":314,"column":27},"end":{"line":314,"column":56}},"121":{"start":{"line":315,"column":29},"end":{"line":315,"column":69}},"122":{"start":{"line":318,"column":6},"end":{"line":318,"column":60}},"123":{"start":{"line":319,"column":6},"end":{"line":319,"column":57}},"124":{"start":{"line":320,"column":6},"end":{"line":320,"column":54}},"125":{"start":{"line":321,"column":6},"end":{"line":321,"column":66}},"126":{"start":{"line":326,"column":6},"end":{"line":326,"column":24}},"127":{"start":{"line":329,"column":6},"end":{"line":329,"column":85}},"128":{"start":{"line":331,"column":6},"end":{"line":331,"column":83}},"129":{"start":{"line":332,"column":6},"end":{"line":332,"column":93}},"130":{"start":{"line":336,"column":2},"end":{"line":355,"column":3}},"131":{"start":{"line":337,"column":4},"end":{"line":354,"column":5}},"132":{"start":{"line":338,"column":23},"end":{"line":338,"column":36}},"133":{"start":{"line":341,"column":21},"end":{"line":341,"column":48}},"134":{"start":{"line":342,"column":8},"end":{"line":344,"column":9}},"135":{"start":{"line":343,"column":12},"end":{"line":343,"column":77}},"136":{"start":{"line":347,"column":8},"end":{"line":347,"column":29}},"137":{"start":{"line":348,"column":8},"end":{"line":348,"column":26}},"138":{"start":{"line":350,"column":8},"end":{"line":350,"column":84}},"139":{"start":{"line":352,"column":8},"end":{"line":352,"column":101}},"140":{"start":{"line":353,"column":8},"end":{"line":353,"column":110}},"141":{"start":{"line":357,"column":0},"end":{"line":357,"column":24}}},"fnMap":{"0":{"name":"(anonymous_0)","decl":{"start":{"line":19,"column":15},"end":{"line":19,"column":16}},"loc":{"start":{"line":19,"column":40},"end":{"line":21,"column":3}},"line":19},"1":{"name":"(anonymous_1)","decl":{"start":{"line":22,"column":12},"end":{"line":22,"column":13}},"loc":{"start":{"line":22,"column":37},"end":{"line":24,"column":3}},"line":22},"2":{"name":"(anonymous_2)","decl":{"start":{"line":28,"column":29},"end":{"line":28,"column":30}},"loc":{"start":{"line":28,"column":49},"end":{"line":91,"column":1}},"line":28},"3":{"name":"(anonymous_3)","decl":{"start":{"line":74,"column":26},"end":{"line":74,"column":27}},"loc":{"start":{"line":74,"column":34},"end":{"line":78,"column":13}},"line":74},"4":{"name":"(anonymous_4)","decl":{"start":{"line":83,"column":27},"end":{"line":83,"column":28}},"loc":{"start":{"line":83,"column":36},"end":{"line":86,"column":9}},"line":83},"5":{"name":"(anonymous_5)","decl":{"start":{"line":94,"column":32},"end":{"line":94,"column":33}},"loc":{"start":{"line":94,"column":52},"end":{"line":222,"column":1}},"line":94},"6":{"name":"(anonymous_6)","decl":{"start":{"line":139,"column":21},"end":{"line":139,"column":22}},"loc":{"start":{"line":139,"column":32},"end":{"line":146,"column":1}},"line":139},"7":{"name":"(anonymous_7)","decl":{"start":{"line":199,"column":28},"end":{"line":199,"column":29}},"loc":{"start":{"line":199,"column":37},"end":{"line":201,"column":1}},"line":199},"8":{"name":"(anonymous_8)","decl":{"start":{"line":225,"column":62},"end":{"line":225,"column":63}},"loc":{"start":{"line":225,"column":82},"end":{"line":262,"column":3}},"line":225},"9":{"name":"(anonymous_9)","decl":{"start":{"line":264,"column":21},"end":{"line":264,"column":22}},"loc":{"start":{"line":264,"column":41},"end":{"line":300,"column":1}},"line":264},"10":{"name":"(anonymous_10)","decl":{"start":{"line":304,"column":69},"end":{"line":304,"column":70}},"loc":{"start":{"line":304,"column":89},"end":{"line":334,"column":1}},"line":304},"11":{"name":"(anonymous_11)","decl":{"start":{"line":336,"column":24},"end":{"line":336,"column":25}},"loc":{"start":{"line":336,"column":44},"end":{"line":355,"column":1}},"line":336}},"branchMap":{"0":{"loc":{"start":{"line":15,"column":0},"end":{"line":15,"column":51}},"type":"binary-expr","locations":[{"start":{"line":15,"column":0},"end":{"line":15,"column":24}},{"start":{"line":15,"column":28},"end":{"line":15,"column":51}}],"line":15},"1":{"loc":{"start":{"line":36,"column":0},"end":{"line":44,"column":1}},"type":"if","locations":[{"start":{"line":36,"column":0},"end":{"line":44,"column":1}},{"start":{"line":40,"column":7},"end":{"line":44,"column":1}}],"line":36},"2":{"loc":{"start":{"line":39,"column":16},"end":{"line":39,"column":40}},"type":"cond-expr","locations":[{"start":{"line":39,"column":34},"end":{"line":39,"column":35}},{"start":{"line":39,"column":38},"end":{"line":39,"column":40}}],"line":39},"3":{"loc":{"start":{"line":51,"column":0},"end":{"line":58,"column":1}},"type":"if","locations":[{"start":{"line":51,"column":0},"end":{"line":58,"column":1}},{"start":{},"end":{}}],"line":51},"4":{"loc":{"start":{"line":55,"column":2},"end":{"line":57,"column":3}},"type":"if","locations":[{"start":{"line":55,"column":2},"end":{"line":57,"column":3}},{"start":{},"end":{}}],"line":55},"5":{"loc":{"start":{"line":62,"column":17},"end":{"line":62,"column":62}},"type":"cond-expr","locations":[{"start":{"line":62,"column":27},"end":{"line":62,"column":44}},{"start":{"line":62,"column":47},"end":{"line":62,"column":62}}],"line":62},"6":{"loc":{"start":{"line":64,"column":22},"end":{"line":64,"column":41}},"type":"binary-expr","locations":[{"start":{"line":64,"column":22},"end":{"line":64,"column":36}},{"start":{"line":64,"column":40},"end":{"line":64,"column":41}}],"line":64},"7":{"loc":{"start":{"line":75,"column":14},"end":{"line":77,"column":15}},"type":"if","locations":[{"start":{"line":75,"column":14},"end":{"line":77,"column":15}},{"start":{},"end":{}}],"line":75},"8":{"loc":{"start":{"line":100,"column":4},"end":{"line":102,"column":5}},"type":"if","locations":[{"start":{"line":100,"column":4},"end":{"line":102,"column":5}},{"start":{},"end":{}}],"line":100},"9":{"loc":{"start":{"line":105,"column":4},"end":{"line":107,"column":5}},"type":"if","locations":[{"start":{"line":105,"column":4},"end":{"line":107,"column":5}},{"start":{},"end":{}}],"line":105},"10":{"loc":{"start":{"line":116,"column":26},"end":{"line":116,"column":64}},"type":"cond-expr","locations":[{"start":{"line":116,"column":36},"end":{"line":116,"column":60}},{"start":{"line":116,"column":63},"end":{"line":116,"column":64}}],"line":116},"11":{"loc":{"start":{"line":117,"column":27},"end":{"line":117,"column":65}},"type":"cond-expr","locations":[{"start":{"line":117,"column":37},"end":{"line":117,"column":61}},{"start":{"line":117,"column":64},"end":{"line":117,"column":65}}],"line":117},"12":{"loc":{"start":{"line":118,"column":21},"end":{"line":118,"column":52}},"type":"cond-expr","locations":[{"start":{"line":118,"column":31},"end":{"line":118,"column":47}},{"start":{"line":118,"column":50},"end":{"line":118,"column":52}}],"line":118},"13":{"loc":{"start":{"line":141,"column":2},"end":{"line":145,"column":3}},"type":"if","locations":[{"start":{"line":141,"column":2},"end":{"line":145,"column":3}},{"start":{"line":143,"column":9},"end":{"line":145,"column":3}}],"line":141},"14":{"loc":{"start":{"line":229,"column":6},"end":{"line":231,"column":7}},"type":"if","locations":[{"start":{"line":229,"column":6},"end":{"line":231,"column":7}},{"start":{},"end":{}}],"line":229},"15":{"loc":{"start":{"line":229,"column":10},"end":{"line":229,"column":69}},"type":"binary-expr","locations":[{"start":{"line":229,"column":10},"end":{"line":229,"column":20}},{"start":{"line":229,"column":24},"end":{"line":229,"column":33}},{"start":{"line":229,"column":37},"end":{"line":229,"column":43}},{"start":{"line":229,"column":47},"end":{"line":229,"column":56}},{"start":{"line":229,"column":60},"end":{"line":229,"column":69}}],"line":229},"16":{"loc":{"start":{"line":237,"column":6},"end":{"line":239,"column":7}},"type":"if","locations":[{"start":{"line":237,"column":6},"end":{"line":239,"column":7}},{"start":{},"end":{}}],"line":237},"17":{"loc":{"start":{"line":271,"column":8},"end":{"line":273,"column":9}},"type":"if","locations":[{"start":{"line":271,"column":8},"end":{"line":273,"column":9}},{"start":{},"end":{}}],"line":271},"18":{"loc":{"start":{"line":276,"column":8},"end":{"line":278,"column":9}},"type":"if","locations":[{"start":{"line":276,"column":8},"end":{"line":278,"column":9}},{"start":{},"end":{}}],"line":276},"19":{"loc":{"start":{"line":276,"column":12},"end":{"line":276,"column":73}},"type":"binary-expr","locations":[{"start":{"line":276,"column":12},"end":{"line":276,"column":29}},{"start":{"line":276,"column":33},"end":{"line":276,"column":73}}],"line":276},"20":{"loc":{"start":{"line":281,"column":8},"end":{"line":291,"column":9}},"type":"if","locations":[{"start":{"line":281,"column":8},"end":{"line":291,"column":9}},{"start":{"line":286,"column":15},"end":{"line":291,"column":9}}],"line":281},"21":{"loc":{"start":{"line":310,"column":6},"end":{"line":312,"column":7}},"type":"if","locations":[{"start":{"line":310,"column":6},"end":{"line":312,"column":7}},{"start":{},"end":{}}],"line":310},"22":{"loc":{"start":{"line":314,"column":27},"end":{"line":314,"column":56}},"type":"binary-expr","locations":[{"start":{"line":314,"column":27},"end":{"line":314,"column":50}},{"start":{"line":314,"column":54},"end":{"line":314,"column":56}}],"line":314},"23":{"loc":{"start":{"line":318,"column":23},"end":{"line":318,"column":59}},"type":"binary-expr","locations":[{"start":{"line":318,"column":23},"end":{"line":318,"column":41}},{"start":{"line":318,"column":45},"end":{"line":318,"column":59}}],"line":318},"24":{"loc":{"start":{"line":319,"column":22},"end":{"line":319,"column":56}},"type":"binary-expr","locations":[{"start":{"line":319,"column":22},"end":{"line":319,"column":39}},{"start":{"line":319,"column":43},"end":{"line":319,"column":56}}],"line":319},"25":{"loc":{"start":{"line":320,"column":22},"end":{"line":320,"column":53}},"type":"binary-expr","locations":[{"start":{"line":320,"column":22},"end":{"line":320,"column":36}},{"start":{"line":320,"column":40},"end":{"line":320,"column":53}}],"line":320},"26":{"loc":{"start":{"line":321,"column":28},"end":{"line":321,"column":65}},"type":"binary-expr","locations":[{"start":{"line":321,"column":28},"end":{"line":321,"column":42}},{"start":{"line":321,"column":46},"end":{"line":321,"column":65}}],"line":321},"27":{"loc":{"start":{"line":342,"column":8},"end":{"line":344,"column":9}},"type":"if","locations":[{"start":{"line":342,"column":8},"end":{"line":344,"column":9}},{"start":{},"end":{}}],"line":342}},"s":{"0":1,"1":1,"2":1,"3":1,"4":1,"5":1,"6":1,"7":1,"8":1,"9":1,"10":1,"11":1,"12":1,"13":1,"14":0,"15":0,"16":1,"17":1,"18":0,"19":0,"20":0,"21":0,"22":0,"23":0,"24":0,"25":0,"26":0,"27":0,"28":0,"29":0,"30":0,"31":0,"32":0,"33":0,"34":0,"35":0,"36":0,"37":0,"38":0,"39":0,"40":0,"41":0,"42":0,"43":0,"44":0,"45":0,"46":0,"47":1,"48":0,"49":0,"50":0,"51":0,"52":0,"53":0,"54":0,"55":0,"56":0,"57":0,"58":0,"59":0,"60":0,"61":0,"62":0,"63":0,"64":0,"65":0,"66":0,"67":0,"68":0,"69":0,"70":0,"71":0,"72":0,"73":0,"74":0,"75":0,"76":0,"77":0,"78":0,"79":1,"80":0,"81":0,"82":0,"83":0,"84":0,"85":0,"86":0,"87":0,"88":0,"89":0,"90":0,"91":0,"92":0,"93":0,"94":1,"95":0,"96":0,"97":0,"98":0,"99":0,"100":0,"101":0,"102":0,"103":0,"104":0,"105":0,"106":0,"107":0,"108":0,"109":0,"110":0,"111":0,"112":0,"113":0,"114":1,"115":0,"116":0,"117":0,"118":0,"119":0,"120":0,"121":0,"122":0,"123":0,"124":0,"125":0,"126":0,"127":0,"128":0,"129":0,"130":1,"131":0,"132":0,"133":0,"134":0,"135":0,"136":0,"137":0,"138":0,"139":0,"140":0,"141":1},"f":{"0":0,"1":0,"2":0,"3":0,"4":0,"5":0,"6":0,"7":0,"8":0,"9":0,"10":0,"11":0},"b":{"0":[1,0],"1":[0,0],"2":[0,0],"3":[0,0],"4":[0,0],"5":[0,0],"6":[0,0],"7":[0,0],"8":[0,0],"9":[0,0],"10":[0,0],"11":[0,0],"12":[0,0],"13":[0,0],"14":[0,0],"15":[0,0,0,0,0],"16":[0,0],"17":[0,0],"18":[0,0],"19":[0,0],"20":[0,0],"21":[0,0],"22":[0,0],"23":[0,0],"24":[0,0],"25":[0,0],"26":[0,0],"27":[0,0]},"_coverageSchema":"1a1c01bbd47fc00a2c39e90264f33305004495a9","hash":"9943afa9110d93d8c5e2a5052ed8f4084ce92cd0"}
}
