TN:
SF:app.js
FN:49,(anonymous_0)
FN:53,(anonymous_1)
FN:90,(anonymous_2)
FN:95,(anonymous_3)
FN:103,(anonymous_4)
FN:148,(anonymous_5)
FN:152,(anonymous_6)
FN:158,(anonymous_7)
FNF:8
FNH:2
FNDA:3,(anonymous_0)
FNDA:3,(anonymous_1)
FNDA:0,(anonymous_2)
FNDA:0,(anonymous_3)
FNDA:0,(anonymous_4)
FNDA:0,(anonymous_5)
FNDA:0,(anonymous_6)
FNDA:0,(anonymous_7)
DA:1,1
DA:2,1
DA:3,1
DA:4,1
DA:5,1
DA:6,1
DA:7,1
DA:9,1
DA:12,1
DA:14,1
DA:15,1
DA:16,1
DA:17,1
DA:19,1
DA:20,1
DA:21,1
DA:22,1
DA:23,1
DA:24,1
DA:25,1
DA:26,1
DA:28,1
DA:29,1
DA:30,1
DA:31,1
DA:32,1
DA:33,1
DA:35,1
DA:37,1
DA:39,1
DA:40,1
DA:41,1
DA:42,1
DA:48,1
DA:49,1
DA:50,3
DA:51,3
DA:53,1
DA:54,3
DA:55,3
DA:60,1
DA:61,1
DA:63,1
DA:64,1
DA:65,1
DA:66,1
DA:67,1
DA:69,1
DA:70,1
DA:71,1
DA:72,1
DA:73,1
DA:74,1
DA:75,1
DA:76,1
DA:77,1
DA:78,1
DA:81,1
DA:82,1
DA:83,1
DA:85,1
DA:86,1
DA:87,1
DA:90,1
DA:91,0
DA:95,1
DA:96,0
DA:103,1
DA:105,0
DA:107,0
DA:108,0
DA:111,0
DA:112,0
DA:113,0
DA:114,0
DA:116,0
DA:118,0
DA:148,1
DA:149,0
DA:152,0
DA:153,0
DA:158,1
DA:159,0
DA:168,1
LF:84
LH:69
BRDA:40,0,0,1
BRDA:40,0,1,1
BRDA:108,1,0,0
BRDA:108,1,1,0
BRDA:111,2,0,0
BRDA:111,2,1,0
BRDA:113,3,0,0
BRDA:113,3,1,0
BRF:8
BRH:2
end_of_record
TN:
SF:config\db.js
FN:3,(anonymous_0)
FNF:1
FNH:1
FNDA:1,(anonymous_0)
DA:1,1
DA:3,1
DA:5,1
DA:6,1
DA:10,1
DA:12,0
DA:13,0
DA:17,1
LF:8
LH:6
BRF:0
BRH:0
end_of_record
TN:
SF:middleware\authMiddleware.js
FN:5,(anonymous_0)
FNF:1
FNH:1
FNDA:2,(anonymous_0)
DA:3,2
DA:4,2
DA:5,2
DA:7,2
DA:8,0
DA:12,2
DA:14,2
DA:15,0
DA:19,2
DA:20,2
DA:22,2
DA:23,2
DA:24,0
DA:27,2
DA:28,2
DA:30,0
DA:31,0
DA:32,0
DA:34,0
DA:35,0
DA:37,0
DA:42,2
LF:22
LH:13
BRDA:7,0,0,0
BRDA:7,0,1,2
BRDA:14,1,0,0
BRDA:14,1,1,2
BRDA:23,2,0,0
BRDA:23,2,1,2
BRDA:31,3,0,0
BRDA:31,3,1,0
BRDA:34,4,0,0
BRDA:34,4,1,0
BRF:10
BRH:3
end_of_record
TN:
SF:models\Activity.js
FNF:0
FNH:0
DA:1,1
DA:3,1
DA:36,1
DA:38,1
LF:4
LH:4
BRF:0
BRH:0
end_of_record
TN:
SF:models\Comment.js
FNF:0
FNH:0
DA:1,1
DA:3,1
DA:19,1
DA:21,1
LF:4
LH:4
BRF:0
BRH:0
end_of_record
TN:
SF:models\Contact.js
FNF:0
FNH:0
DA:2,1
DA:4,1
DA:31,1
DA:33,1
LF:4
LH:4
BRF:0
BRH:0
end_of_record
TN:
SF:models\Message.js
FNF:0
FNH:0
DA:1,1
DA:3,1
DA:25,1
DA:27,1
LF:4
LH:4
BRF:0
BRH:0
end_of_record
TN:
SF:models\Newsletter.js
FNF:0
FNH:0
DA:1,1
DA:3,1
DA:15,1
DA:17,1
LF:4
LH:4
BRF:0
BRH:0
end_of_record
TN:
SF:models\Notification.js
FNF:0
FNH:0
DA:1,2
DA:3,2
DA:16,2
DA:18,2
LF:4
LH:4
BRF:0
BRH:0
end_of_record
TN:
SF:models\Profile.js
FNF:0
FNH:0
DA:1,1
DA:3,1
DA:28,1
DA:30,1
LF:4
LH:4
BRF:0
BRH:0
end_of_record
TN:
SF:models\Test.js
FNF:0
FNH:0
DA:1,1
DA:4,1
DA:20,1
DA:22,1
LF:4
LH:4
BRF:0
BRH:0
end_of_record
TN:
SF:models\User.js
FNF:0
FNH:0
DA:1,2
DA:3,2
DA:22,2
DA:24,2
LF:4
LH:4
BRF:0
BRH:0
end_of_record
TN:
SF:routes\activitysRoutes.js
FN:17,(anonymous_0)
FN:20,(anonymous_1)
FN:28,(anonymous_2)
FN:36,(anonymous_3)
FN:40,(anonymous_4)
FN:91,(anonymous_5)
FN:165,(anonymous_6)
FN:239,(anonymous_7)
FN:249,(anonymous_8)
FN:289,(anonymous_9)
FN:405,(anonymous_10)
FN:406,(anonymous_11)
FN:415,(anonymous_12)
FN:431,(anonymous_13)
FN:479,(anonymous_14)
FN:500,(anonymous_15)
FN:502,(anonymous_16)
FN:516,(anonymous_17)
FN:519,(anonymous_18)
FN:536,(anonymous_19)
FN:544,(anonymous_20)
FN:565,(anonymous_21)
FN:580,(anonymous_22)
FN:642,(anonymous_23)
FN:657,(anonymous_24)
FN:663,(anonymous_25)
FN:664,(anonymous_26)
FN:686,(anonymous_27)
FN:718,(anonymous_28)
FN:734,(anonymous_29)
FN:745,(anonymous_30)
FN:766,(anonymous_31)
FN:778,(anonymous_32)
FN:799,(anonymous_33)
FN:817,(anonymous_34)
FN:839,(anonymous_35)
FN:879,(anonymous_36)
FN:909,(anonymous_37)
FN:944,(anonymous_38)
FN:1003,(anonymous_39)
FN:1061,(anonymous_40)
FN:1098,(anonymous_41)
FN:1148,(anonymous_42)
FN:1225,(anonymous_43)
FNF:44
FNH:0
FNDA:0,(anonymous_0)
FNDA:0,(anonymous_1)
FNDA:0,(anonymous_2)
FNDA:0,(anonymous_3)
FNDA:0,(anonymous_4)
FNDA:0,(anonymous_5)
FNDA:0,(anonymous_6)
FNDA:0,(anonymous_7)
FNDA:0,(anonymous_8)
FNDA:0,(anonymous_9)
FNDA:0,(anonymous_10)
FNDA:0,(anonymous_11)
FNDA:0,(anonymous_12)
FNDA:0,(anonymous_13)
FNDA:0,(anonymous_14)
FNDA:0,(anonymous_15)
FNDA:0,(anonymous_16)
FNDA:0,(anonymous_17)
FNDA:0,(anonymous_18)
FNDA:0,(anonymous_19)
FNDA:0,(anonymous_20)
FNDA:0,(anonymous_21)
FNDA:0,(anonymous_22)
FNDA:0,(anonymous_23)
FNDA:0,(anonymous_24)
FNDA:0,(anonymous_25)
FNDA:0,(anonymous_26)
FNDA:0,(anonymous_27)
FNDA:0,(anonymous_28)
FNDA:0,(anonymous_29)
FNDA:0,(anonymous_30)
FNDA:0,(anonymous_31)
FNDA:0,(anonymous_32)
FNDA:0,(anonymous_33)
FNDA:0,(anonymous_34)
FNDA:0,(anonymous_35)
FNDA:0,(anonymous_36)
FNDA:0,(anonymous_37)
FNDA:0,(anonymous_38)
FNDA:0,(anonymous_39)
FNDA:0,(anonymous_40)
FNDA:0,(anonymous_41)
FNDA:0,(anonymous_42)
FNDA:0,(anonymous_43)
DA:1,1
DA:2,1
DA:3,1
DA:4,1
DA:5,1
DA:7,1
DA:8,1
DA:9,1
DA:10,1
DA:11,1
DA:16,1
DA:18,0
DA:21,0
DA:25,1
DA:28,1
DA:29,0
DA:30,0
DA:32,0
DA:33,0
DA:34,0
DA:35,0
DA:36,0
DA:40,0
DA:42,0
DA:81,0
DA:82,0
DA:84,0
DA:91,1
DA:92,0
DA:93,0
DA:94,0
DA:95,0
DA:97,0
DA:98,0
DA:99,0
DA:102,0
DA:105,0
DA:106,0
DA:107,0
DA:114,0
DA:115,0
DA:117,0
DA:118,0
DA:120,0
DA:121,0
DA:126,0
DA:127,0
DA:130,0
DA:131,0
DA:132,0
DA:135,0
DA:136,0
DA:138,0
DA:140,0
DA:141,0
DA:142,0
DA:144,0
DA:147,0
DA:153,0
DA:156,0
DA:158,0
DA:160,0
DA:165,1
DA:166,0
DA:167,0
DA:168,0
DA:169,0
DA:172,0
DA:173,0
DA:174,0
DA:178,0
DA:179,0
DA:180,0
DA:184,0
DA:185,0
DA:188,0
DA:189,0
DA:190,0
DA:192,0
DA:203,0
DA:209,0
DA:211,0
DA:212,0
DA:213,0
DA:216,0
DA:222,0
DA:229,0
DA:231,0
DA:233,0
DA:239,1
DA:240,0
DA:241,0
DA:242,0
DA:244,0
DA:249,1
DA:250,0
DA:251,0
DA:252,0
DA:253,0
DA:255,0
DA:258,0
DA:259,0
DA:263,0
DA:266,0
DA:275,0
DA:281,0
DA:289,1
DA:290,0
DA:291,0
DA:292,0
DA:294,0
DA:295,0
DA:304,0
DA:305,0
DA:307,0
DA:308,0
DA:310,0
DA:311,0
DA:312,0
DA:315,0
DA:316,0
DA:317,0
DA:318,0
DA:320,0
DA:324,0
DA:325,0
DA:327,0
DA:346,0
DA:348,0
DA:362,0
DA:364,0
DA:365,0
DA:367,0
DA:386,0
DA:388,0
DA:392,0
DA:405,0
DA:406,0
DA:409,0
DA:410,0
DA:415,0
DA:416,0
DA:417,0
DA:420,0
DA:424,0
DA:431,1
DA:432,0
DA:433,0
DA:434,0
DA:472,0
DA:474,0
DA:479,1
DA:480,0
DA:481,0
DA:482,0
DA:483,0
DA:485,0
DA:493,0
DA:500,0
DA:501,0
DA:503,0
DA:504,0
DA:507,0
DA:509,0
DA:516,1
DA:517,0
DA:518,0
DA:519,0
DA:520,0
DA:521,0
DA:523,0
DA:524,0
DA:525,0
DA:526,0
DA:527,0
DA:528,0
DA:529,0
DA:530,0
DA:533,0
DA:536,1
DA:537,0
DA:541,0
DA:544,0
DA:549,0
DA:551,0
DA:553,0
DA:554,0
DA:555,0
DA:556,0
DA:557,0
DA:558,0
DA:561,0
DA:565,1
DA:566,0
DA:568,0
DA:569,0
DA:570,0
DA:571,0
DA:572,0
DA:574,0
DA:577,0
DA:580,1
DA:581,0
DA:582,0
DA:583,0
DA:584,0
DA:585,0
DA:586,0
DA:593,0
DA:594,0
DA:596,0
DA:597,0
DA:599,0
DA:600,0
DA:601,0
DA:604,0
DA:605,0
DA:606,0
DA:607,0
DA:611,0
DA:614,0
DA:628,0
DA:631,0
DA:632,0
DA:635,0
DA:637,0
DA:642,1
DA:643,0
DA:644,0
DA:645,0
DA:646,0
DA:647,0
DA:650,0
DA:656,0
DA:657,0
DA:658,0
DA:663,0
DA:664,0
DA:668,0
DA:669,0
DA:671,0
DA:677,0
DA:686,1
DA:687,0
DA:688,0
DA:696,0
DA:697,0
DA:701,0
DA:706,0
DA:709,0
DA:711,0
DA:713,0
DA:718,1
DA:719,0
DA:720,0
DA:722,0
DA:723,0
DA:724,0
DA:727,0
DA:729,0
DA:734,1
DA:735,0
DA:736,0
DA:737,0
DA:739,0
DA:740,0
DA:741,0
DA:745,0
DA:746,0
DA:747,0
DA:749,0
DA:758,0
DA:760,0
DA:761,0
DA:766,1
DA:767,0
DA:768,0
DA:769,0
DA:772,0
DA:773,0
DA:774,0
DA:778,0
DA:779,0
DA:780,0
DA:782,0
DA:791,0
DA:793,0
DA:794,0
DA:799,1
DA:800,0
DA:801,0
DA:802,0
DA:803,0
DA:806,0
DA:807,0
DA:810,0
DA:811,0
DA:812,0
DA:817,0
DA:818,0
DA:819,0
DA:821,0
DA:829,0
DA:830,0
DA:832,0
DA:834,0
DA:835,0
DA:839,1
DA:840,0
DA:841,0
DA:842,0
DA:843,0
DA:845,0
DA:861,0
DA:862,0
DA:867,0
DA:870,0
DA:872,0
DA:879,1
DA:880,0
DA:882,0
DA:885,0
DA:886,0
DA:890,0
DA:891,0
DA:893,0
DA:894,0
DA:897,0
DA:898,0
DA:901,0
DA:902,0
DA:904,0
DA:905,0
DA:907,0
DA:909,0
DA:910,0
DA:913,0
DA:914,0
DA:915,0
DA:930,0
DA:931,0
DA:933,0
DA:934,0
DA:935,0
DA:937,0
DA:939,0
DA:944,1
DA:945,0
DA:946,0
DA:947,0
DA:948,0
DA:950,0
DA:951,0
DA:952,0
DA:956,0
DA:957,0
DA:958,0
DA:961,0
DA:962,0
DA:963,0
DA:964,0
DA:965,0
DA:966,0
DA:973,0
DA:975,0
DA:976,0
DA:977,0
DA:978,0
DA:980,0
DA:982,0
DA:985,0
DA:991,0
DA:994,0
DA:996,0
DA:998,0
DA:1003,1
DA:1004,0
DA:1005,0
DA:1006,0
DA:1007,0
DA:1009,0
DA:1010,0
DA:1011,0
DA:1014,0
DA:1015,0
DA:1016,0
DA:1019,0
DA:1020,0
DA:1021,0
DA:1024,0
DA:1025,0
DA:1026,0
DA:1030,0
DA:1032,0
DA:1033,0
DA:1034,0
DA:1036,0
DA:1037,0
DA:1038,0
DA:1041,0
DA:1047,0
DA:1050,0
DA:1052,0
DA:1054,0
DA:1061,1
DA:1062,0
DA:1064,0
DA:1066,0
DA:1067,0
DA:1070,0
DA:1075,0
DA:1077,0
DA:1078,0
DA:1079,0
DA:1080,0
DA:1081,0
DA:1084,0
DA:1086,0
DA:1089,0
DA:1091,0
DA:1094,0
DA:1095,0
DA:1098,1
DA:1099,0
DA:1100,0
DA:1102,0
DA:1103,0
DA:1107,0
DA:1109,0
DA:1111,0
DA:1112,0
DA:1117,0
DA:1119,0
DA:1120,0
DA:1123,0
DA:1124,0
DA:1127,0
DA:1129,0
DA:1132,0
DA:1134,0
DA:1135,0
DA:1138,0
DA:1141,0
DA:1148,1
DA:1149,0
DA:1150,0
DA:1151,0
DA:1152,0
DA:1155,0
DA:1156,0
DA:1157,0
DA:1161,0
DA:1162,0
DA:1163,0
DA:1167,0
DA:1168,0
DA:1169,0
DA:1173,0
DA:1174,0
DA:1177,0
DA:1178,0
DA:1179,0
DA:1181,0
DA:1192,0
DA:1198,0
DA:1200,0
DA:1201,0
DA:1202,0
DA:1203,0
DA:1206,0
DA:1212,0
DA:1216,0
DA:1219,0
DA:1221,0
DA:1225,1
DA:1226,0
DA:1228,0
DA:1229,0
DA:1240,0
DA:1242,0
DA:1243,0
DA:1244,0
DA:1245,0
DA:1247,0
DA:1249,0
DA:1250,0
DA:1251,0
DA:1253,0
DA:1254,0
DA:1259,1
LF:490
LH:39
BRDA:98,0,0,0
BRDA:98,0,1,0
BRDA:106,1,0,0
BRDA:106,1,1,0
BRDA:120,2,0,0
BRDA:120,2,1,0
BRDA:120,3,0,0
BRDA:120,3,1,0
BRDA:131,4,0,0
BRDA:131,4,1,0
BRDA:138,5,0,0
BRDA:138,5,1,0
BRDA:173,6,0,0
BRDA:173,6,1,0
BRDA:179,7,0,0
BRDA:179,7,1,0
BRDA:189,8,0,0
BRDA:189,8,1,0
BRDA:209,9,0,0
BRDA:209,9,1,0
BRDA:252,10,0,0
BRDA:252,10,1,0
BRDA:253,11,0,0
BRDA:253,11,1,0
BRDA:258,12,0,0
BRDA:258,12,1,0
BRDA:304,13,0,0
BRDA:304,13,1,0
BRDA:307,14,0,0
BRDA:307,14,1,0
BRDA:310,15,0,0
BRDA:310,15,1,0
BRDA:315,16,0,0
BRDA:315,16,1,0
BRDA:317,17,0,0
BRDA:317,17,1,0
BRDA:324,18,0,0
BRDA:324,18,1,0
BRDA:325,19,0,0
BRDA:325,19,1,0
BRDA:325,19,2,0
BRDA:325,19,3,0
BRDA:325,19,4,0
BRDA:409,20,0,0
BRDA:409,20,1,0
BRDA:521,21,0,0
BRDA:521,21,1,0
BRDA:521,21,2,0
BRDA:523,22,0,0
BRDA:523,22,1,0
BRDA:524,23,0,0
BRDA:524,23,1,0
BRDA:524,24,0,0
BRDA:524,24,1,0
BRDA:525,25,0,0
BRDA:525,25,1,0
BRDA:526,26,0,0
BRDA:526,26,1,0
BRDA:527,27,0,0
BRDA:527,27,1,0
BRDA:528,28,0,0
BRDA:528,28,1,0
BRDA:529,29,0,0
BRDA:529,29,1,0
BRDA:530,30,0,0
BRDA:530,30,1,0
BRDA:530,31,0,0
BRDA:530,31,1,0
BRDA:551,32,0,0
BRDA:551,32,1,0
BRDA:551,32,2,0
BRDA:553,33,0,0
BRDA:553,33,1,0
BRDA:553,34,0,0
BRDA:553,34,1,0
BRDA:555,35,0,0
BRDA:555,35,1,0
BRDA:557,36,0,0
BRDA:557,36,1,0
BRDA:569,37,0,0
BRDA:569,37,1,0
BRDA:571,38,0,0
BRDA:571,38,1,0
BRDA:584,39,0,0
BRDA:584,39,1,0
BRDA:593,40,0,0
BRDA:593,40,1,0
BRDA:596,41,0,0
BRDA:596,41,1,0
BRDA:599,42,0,0
BRDA:599,42,1,0
BRDA:604,43,0,0
BRDA:604,43,1,0
BRDA:606,44,0,0
BRDA:606,44,1,0
BRDA:631,45,0,0
BRDA:631,45,1,0
BRDA:646,46,0,0
BRDA:646,46,1,0
BRDA:647,47,0,0
BRDA:647,47,1,0
BRDA:656,48,0,0
BRDA:656,48,1,0
BRDA:696,49,0,0
BRDA:696,49,1,0
BRDA:723,50,0,0
BRDA:723,50,1,0
BRDA:740,51,0,0
BRDA:740,51,1,0
BRDA:773,52,0,0
BRDA:773,52,1,0
BRDA:806,53,0,0
BRDA:806,53,1,0
BRDA:811,54,0,0
BRDA:811,54,1,0
BRDA:817,55,0,0
BRDA:817,55,1,0
BRDA:818,56,0,0
BRDA:818,56,1,0
BRDA:841,57,0,0
BRDA:841,57,1,0
BRDA:885,58,0,0
BRDA:885,58,1,0
BRDA:890,59,0,0
BRDA:890,59,1,0
BRDA:897,60,0,0
BRDA:897,60,1,0
BRDA:930,61,0,0
BRDA:930,61,1,0
BRDA:934,62,0,0
BRDA:934,62,1,0
BRDA:951,63,0,0
BRDA:951,63,1,0
BRDA:957,64,0,0
BRDA:957,64,1,0
BRDA:973,65,0,0
BRDA:973,65,1,0
BRDA:1010,66,0,0
BRDA:1010,66,1,0
BRDA:1015,67,0,0
BRDA:1015,67,1,0
BRDA:1030,68,0,0
BRDA:1030,68,1,0
BRDA:1075,69,0,0
BRDA:1075,69,1,0
BRDA:1102,70,0,0
BRDA:1102,70,1,0
BRDA:1107,71,0,0
BRDA:1107,71,1,0
BRDA:1109,72,0,0
BRDA:1109,72,1,0
BRDA:1119,73,0,0
BRDA:1119,73,1,0
BRDA:1134,74,0,0
BRDA:1134,74,1,0
BRDA:1156,75,0,0
BRDA:1156,75,1,0
BRDA:1162,76,0,0
BRDA:1162,76,1,0
BRDA:1168,77,0,0
BRDA:1168,77,1,0
BRDA:1178,78,0,0
BRDA:1178,78,1,0
BRDA:1198,79,0,0
BRDA:1198,79,1,0
BRDA:1242,80,0,0
BRDA:1242,80,1,0
BRDA:1244,81,0,0
BRDA:1244,81,1,0
BRDA:1249,82,0,0
BRDA:1249,82,1,0
BRF:171
BRH:0
end_of_record
TN:
SF:routes\commentsRoutes.js
FN:10,(anonymous_0)
FN:97,(anonymous_1)
FN:146,(anonymous_2)
FN:167,(anonymous_3)
FN:185,(anonymous_4)
FNF:5
FNH:0
FNDA:0,(anonymous_0)
FNDA:0,(anonymous_1)
FNDA:0,(anonymous_2)
FNDA:0,(anonymous_3)
FNDA:0,(anonymous_4)
DA:1,1
DA:2,1
DA:3,1
DA:4,1
DA:5,1
DA:6,1
DA:7,1
DA:8,1
DA:10,1
DA:11,0
DA:12,0
DA:13,0
DA:14,0
DA:15,0
DA:17,0
DA:18,0
DA:19,0
DA:21,0
DA:22,0
DA:24,0
DA:26,0
DA:27,0
DA:29,0
DA:31,0
DA:33,0
DA:34,0
DA:35,0
DA:39,0
DA:41,0
DA:43,0
DA:45,0
DA:47,0
DA:48,0
DA:49,0
DA:50,0
DA:53,0
DA:59,0
DA:61,0
DA:63,0
DA:64,0
DA:65,0
DA:66,0
DA:68,0
DA:70,0
DA:71,0
DA:72,0
DA:73,0
DA:76,0
DA:82,0
DA:86,0
DA:90,0
DA:92,0
DA:97,1
DA:98,0
DA:99,0
DA:100,0
DA:101,0
DA:104,0
DA:105,0
DA:106,0
DA:108,0
DA:109,0
DA:113,0
DA:114,0
DA:117,0
DA:118,0
DA:125,0
DA:126,0
DA:127,0
DA:128,0
DA:129,0
DA:131,0
DA:136,0
DA:141,0
DA:146,1
DA:147,0
DA:148,0
DA:151,0
DA:153,0
DA:154,0
DA:158,0
DA:160,0
DA:161,0
DA:167,1
DA:168,0
DA:169,0
DA:170,0
DA:171,0
DA:174,0
DA:175,0
DA:178,0
DA:179,0
DA:180,0
DA:185,0
DA:186,0
DA:187,0
DA:189,0
DA:196,0
DA:197,0
DA:199,0
DA:201,0
DA:202,0
DA:207,1
LF:103
LH:13
BRDA:18,0,0,0
BRDA:18,0,1,0
BRDA:21,1,0,0
BRDA:21,1,1,0
BRDA:26,2,0,0
BRDA:26,2,1,0
BRDA:26,3,0,0
BRDA:26,3,1,0
BRDA:31,4,0,0
BRDA:31,4,1,0
BRDA:34,5,0,0
BRDA:34,5,1,0
BRDA:41,6,0,0
BRDA:41,6,1,0
BRDA:45,7,0,0
BRDA:45,7,1,0
BRDA:65,8,0,0
BRDA:65,8,1,0
BRDA:65,9,0,0
BRDA:65,9,1,0
BRDA:68,10,0,0
BRDA:68,10,1,0
BRDA:100,11,0,0
BRDA:100,11,1,0
BRDA:105,12,0,0
BRDA:105,12,1,0
BRDA:108,13,0,0
BRDA:108,13,1,0
BRDA:126,14,0,0
BRDA:126,14,1,0
BRDA:128,15,0,0
BRDA:128,15,1,0
BRDA:153,16,0,0
BRDA:153,16,1,0
BRDA:174,17,0,0
BRDA:174,17,1,0
BRDA:179,18,0,0
BRDA:179,18,1,0
BRDA:185,19,0,0
BRDA:185,19,1,0
BRDA:186,20,0,0
BRDA:186,20,1,0
BRF:42
BRH:0
end_of_record
TN:
SF:routes\contactsRoutes.js
FN:9,(anonymous_0)
FNF:1
FNH:0
FNDA:0,(anonymous_0)
DA:1,1
DA:2,1
DA:3,1
DA:6,1
DA:9,1
DA:10,0
DA:11,0
DA:14,0
DA:23,0
DA:26,0
DA:34,0
DA:35,0
DA:36,0
DA:37,0
DA:39,0
DA:81,0
DA:83,0
DA:85,0
DA:86,0
DA:90,1
LF:20
LH:6
BRF:0
BRH:0
end_of_record
TN:
SF:routes\messagesRoutes.js
FN:14,(anonymous_0)
FN:17,(anonymous_1)
FN:27,(anonymous_2)
FN:85,(anonymous_3)
FN:236,(anonymous_4)
FN:253,(anonymous_5)
FN:255,(anonymous_6)
FN:260,(anonymous_7)
FN:319,(anonymous_8)
FN:330,(anonymous_9)
FN:332,(anonymous_10)
FN:339,(anonymous_11)
FN:389,(anonymous_12)
FN:403,(anonymous_13)
FN:414,(anonymous_14)
FN:419,(anonymous_15)
FN:433,(anonymous_16)
FN:446,(anonymous_17)
FN:472,(anonymous_18)
FN:490,(anonymous_19)
FN:542,checkIfMessagesExchanged
FN:559,checkIfFriends
FN:622,(anonymous_22)
FN:640,(anonymous_23)
FNF:24
FNH:0
FNDA:0,(anonymous_0)
FNDA:0,(anonymous_1)
FNDA:0,(anonymous_2)
FNDA:0,(anonymous_3)
FNDA:0,(anonymous_4)
FNDA:0,(anonymous_5)
FNDA:0,(anonymous_6)
FNDA:0,(anonymous_7)
FNDA:0,(anonymous_8)
FNDA:0,(anonymous_9)
FNDA:0,(anonymous_10)
FNDA:0,(anonymous_11)
FNDA:0,(anonymous_12)
FNDA:0,(anonymous_13)
FNDA:0,(anonymous_14)
FNDA:0,(anonymous_15)
FNDA:0,(anonymous_16)
FNDA:0,(anonymous_17)
FNDA:0,(anonymous_18)
FNDA:0,(anonymous_19)
FNDA:0,checkIfMessagesExchanged
FNDA:0,checkIfFriends
FNDA:0,(anonymous_22)
FNDA:0,(anonymous_23)
DA:1,1
DA:2,1
DA:3,1
DA:4,1
DA:5,1
DA:6,1
DA:7,1
DA:9,1
DA:13,1
DA:15,0
DA:18,0
DA:23,1
DA:27,1
DA:28,0
DA:29,0
DA:30,0
DA:31,0
DA:33,0
DA:34,0
DA:35,0
DA:40,0
DA:41,0
DA:44,0
DA:55,0
DA:56,0
DA:59,0
DA:69,0
DA:70,0
DA:76,0
DA:77,0
DA:79,0
DA:81,0
DA:85,1
DA:86,0
DA:87,0
DA:88,0
DA:93,0
DA:95,0
DA:105,0
DA:106,0
DA:112,0
DA:113,0
DA:115,0
DA:117,0
DA:236,1
DA:237,0
DA:238,0
DA:241,0
DA:242,0
DA:250,0
DA:253,0
DA:254,0
DA:255,0
DA:260,0
DA:261,0
DA:264,0
DA:265,0
DA:268,0
DA:269,0
DA:270,0
DA:271,0
DA:274,0
DA:275,0
DA:276,0
DA:279,0
DA:285,0
DA:286,0
DA:288,0
DA:313,0
DA:315,0
DA:319,1
DA:320,0
DA:321,0
DA:324,0
DA:325,0
DA:327,0
DA:330,0
DA:331,0
DA:332,0
DA:336,0
DA:339,0
DA:340,0
DA:343,0
DA:344,0
DA:347,0
DA:348,0
DA:349,0
DA:350,0
DA:353,0
DA:354,0
DA:355,0
DA:358,0
DA:364,0
DA:365,0
DA:367,0
DA:380,0
DA:382,0
DA:389,1
DA:390,0
DA:391,0
DA:393,0
DA:400,0
DA:402,0
DA:403,0
DA:404,0
DA:407,0
DA:409,0
DA:410,0
DA:413,0
DA:414,0
DA:415,0
DA:419,0
DA:420,0
DA:421,0
DA:423,0
DA:424,0
DA:425,0
DA:426,0
DA:431,0
DA:433,0
DA:437,0
DA:439,0
DA:446,1
DA:447,0
DA:450,0
DA:452,0
DA:464,0
DA:466,0
DA:467,0
DA:472,1
DA:473,0
DA:475,0
DA:481,0
DA:483,0
DA:484,0
DA:490,1
DA:491,0
DA:492,0
DA:493,0
DA:496,0
DA:498,0
DA:500,0
DA:507,0
DA:513,0
DA:522,0
DA:528,0
DA:530,0
DA:531,0
DA:535,0
DA:537,0
DA:543,0
DA:545,0
DA:552,0
DA:554,0
DA:555,0
DA:560,0
DA:562,0
DA:563,0
DA:564,0
DA:565,0
DA:566,0
DA:567,0
DA:569,0
DA:570,0
DA:572,0
DA:573,0
DA:574,0
DA:575,0
DA:580,0
DA:582,0
DA:583,0
DA:588,1
DA:622,1
DA:623,0
DA:624,0
DA:625,0
DA:626,0
DA:629,0
DA:630,0
DA:633,0
DA:634,0
DA:635,0
DA:640,0
DA:641,0
DA:642,0
DA:644,0
DA:651,0
DA:652,0
DA:654,0
DA:656,0
DA:657,0
DA:662,1
LF:192
LH:21
BRDA:34,0,0,0
BRDA:34,0,1,0
BRDA:40,1,0,0
BRDA:40,1,1,0
BRDA:41,2,0,0
BRDA:41,2,1,0
BRDA:93,3,0,0
BRDA:93,3,1,0
BRDA:268,4,0,0
BRDA:268,4,1,0
BRDA:268,5,0,0
BRDA:268,5,1,0
BRDA:268,5,2,0
BRDA:270,6,0,0
BRDA:270,6,1,0
BRDA:274,7,0,0
BRDA:274,7,1,0
BRDA:274,8,0,0
BRDA:274,8,1,0
BRDA:347,9,0,0
BRDA:347,9,1,0
BRDA:347,10,0,0
BRDA:347,10,1,0
BRDA:347,10,2,0
BRDA:349,11,0,0
BRDA:349,11,1,0
BRDA:353,12,0,0
BRDA:353,12,1,0
BRDA:353,13,0,0
BRDA:353,13,1,0
BRDA:421,14,0,0
BRDA:421,14,1,0
BRDA:498,15,0,0
BRDA:498,15,1,0
BRDA:530,16,0,0
BRDA:530,16,1,0
BRDA:569,17,0,0
BRDA:569,17,1,0
BRDA:569,18,0,0
BRDA:569,18,1,0
BRDA:572,19,0,0
BRDA:572,19,1,0
BRDA:574,20,0,0
BRDA:574,20,1,0
BRDA:580,21,0,0
BRDA:580,21,1,0
BRDA:629,22,0,0
BRDA:629,22,1,0
BRDA:634,23,0,0
BRDA:634,23,1,0
BRDA:640,24,0,0
BRDA:640,24,1,0
BRDA:641,25,0,0
BRDA:641,25,1,0
BRF:54
BRH:0
end_of_record
TN:
SF:routes\newsletterRoutes.js
FN:5,(anonymous_0)
FNF:1
FNH:0
FNDA:0,(anonymous_0)
DA:1,1
DA:2,1
DA:3,1
DA:5,1
DA:6,0
DA:7,0
DA:9,0
DA:11,0
DA:12,0
DA:15,0
DA:16,0
DA:18,0
DA:20,0
DA:21,0
DA:25,1
LF:15
LH:5
BRDA:11,0,0,0
BRDA:11,0,1,0
BRF:2
BRH:0
end_of_record
TN:
SF:routes\notificationsRoutes.js
FN:7,(anonymous_0)
FN:30,(anonymous_1)
FN:45,(anonymous_2)
FNF:3
FNH:3
FNDA:2,(anonymous_0)
FNDA:3,(anonymous_1)
FNDA:3,(anonymous_2)
DA:1,2
DA:2,2
DA:3,2
DA:5,2
DA:7,2
DA:8,2
DA:9,2
DA:12,2
DA:15,1
DA:18,1
DA:20,1
DA:30,2
DA:31,3
DA:32,3
DA:33,3
DA:34,3
DA:35,2
DA:38,1
DA:45,2
DA:46,3
DA:47,3
DA:50,3
DA:52,2
DA:55,2
DA:56,1
DA:60,1
DA:61,1
DA:63,1
DA:66,0
DA:74,2
LF:30
LH:29
BRDA:50,0,0,2
BRDA:50,0,1,1
BRDA:50,1,0,3
BRDA:50,1,1,3
BRDA:55,2,0,1
BRDA:55,2,1,1
BRF:6
BRH:6
end_of_record
TN:
SF:routes\profilesRoutes.js
FN:24,(anonymous_0)
FN:27,(anonymous_1)
FN:105,(anonymous_2)
FN:154,(anonymous_3)
FN:189,(anonymous_4)
FN:207,(anonymous_5)
FN:222,(anonymous_6)
FN:269,(anonymous_7)
FN:279,(anonymous_8)
FN:288,(anonymous_9)
FN:318,(anonymous_10)
FN:338,(anonymous_11)
FN:355,(anonymous_12)
FN:372,(anonymous_13)
FN:378,(anonymous_14)
FN:399,(anonymous_15)
FN:618,(anonymous_16)
FN:736,(anonymous_17)
FN:772,(anonymous_18)
FN:778,(anonymous_19)
FN:798,(anonymous_20)
FN:826,(anonymous_21)
FN:880,(anonymous_22)
FN:895,(anonymous_23)
FN:915,(anonymous_24)
FN:968,(anonymous_25)
FN:994,(anonymous_26)
FN:1002,(anonymous_27)
FN:1010,(anonymous_28)
FN:1037,(anonymous_29)
FN:1121,(anonymous_30)
FN:1122,(anonymous_31)
FN:1130,(anonymous_32)
FN:1134,(anonymous_33)
FN:1138,(anonymous_34)
FN:1176,(anonymous_35)
FNF:36
FNH:0
FNDA:0,(anonymous_0)
FNDA:0,(anonymous_1)
FNDA:0,(anonymous_2)
FNDA:0,(anonymous_3)
FNDA:0,(anonymous_4)
FNDA:0,(anonymous_5)
FNDA:0,(anonymous_6)
FNDA:0,(anonymous_7)
FNDA:0,(anonymous_8)
FNDA:0,(anonymous_9)
FNDA:0,(anonymous_10)
FNDA:0,(anonymous_11)
FNDA:0,(anonymous_12)
FNDA:0,(anonymous_13)
FNDA:0,(anonymous_14)
FNDA:0,(anonymous_15)
FNDA:0,(anonymous_16)
FNDA:0,(anonymous_17)
FNDA:0,(anonymous_18)
FNDA:0,(anonymous_19)
FNDA:0,(anonymous_20)
FNDA:0,(anonymous_21)
FNDA:0,(anonymous_22)
FNDA:0,(anonymous_23)
FNDA:0,(anonymous_24)
FNDA:0,(anonymous_25)
FNDA:0,(anonymous_26)
FNDA:0,(anonymous_27)
FNDA:0,(anonymous_28)
FNDA:0,(anonymous_29)
FNDA:0,(anonymous_30)
FNDA:0,(anonymous_31)
FNDA:0,(anonymous_32)
FNDA:0,(anonymous_33)
FNDA:0,(anonymous_34)
FNDA:0,(anonymous_35)
DA:3,1
DA:4,1
DA:5,1
DA:6,1
DA:7,1
DA:8,1
DA:9,1
DA:10,1
DA:11,1
DA:12,1
DA:13,1
DA:19,1
DA:20,1
DA:23,1
DA:25,0
DA:28,0
DA:31,1
DA:105,1
DA:106,0
DA:107,0
DA:109,0
DA:110,0
DA:113,0
DA:114,0
DA:117,0
DA:118,0
DA:121,0
DA:122,0
DA:125,0
DA:126,0
DA:127,0
DA:128,0
DA:129,0
DA:131,0
DA:132,0
DA:135,0
DA:136,0
DA:139,0
DA:140,0
DA:141,0
DA:145,0
DA:146,0
DA:147,0
DA:152,0
DA:153,0
DA:154,0
DA:158,0
DA:159,0
DA:162,0
DA:163,0
DA:166,0
DA:178,0
DA:180,0
DA:182,0
DA:184,0
DA:185,0
DA:189,1
DA:190,0
DA:192,0
DA:195,0
DA:196,0
DA:200,0
DA:202,0
DA:203,0
DA:207,1
DA:208,0
DA:209,0
DA:210,0
DA:211,0
DA:213,0
DA:215,0
DA:222,1
DA:223,0
DA:224,0
DA:226,0
DA:227,0
DA:231,0
DA:233,0
DA:239,0
DA:241,0
DA:243,0
DA:244,0
DA:247,0
DA:255,0
DA:256,0
DA:259,0
DA:261,0
DA:263,0
DA:264,0
DA:269,1
DA:270,0
DA:272,0
DA:274,0
DA:275,0
DA:279,0
DA:280,0
DA:283,0
DA:284,0
DA:287,0
DA:288,0
DA:291,0
DA:294,0
DA:295,0
DA:296,0
DA:297,0
DA:301,0
DA:307,0
DA:308,0
DA:310,0
DA:311,0
DA:318,1
DA:319,0
DA:320,0
DA:322,0
DA:325,0
DA:326,0
DA:330,0
DA:332,0
DA:333,0
DA:338,1
DA:339,0
DA:340,0
DA:342,0
DA:347,0
DA:348,0
DA:352,0
DA:355,0
DA:357,0
DA:359,0
DA:360,0
DA:364,0
DA:369,0
DA:372,0
DA:373,0
DA:374,0
DA:378,0
DA:381,0
DA:383,0
DA:384,0
DA:399,1
DA:400,0
DA:401,0
DA:404,0
DA:407,0
DA:408,0
DA:412,0
DA:415,0
DA:417,0
DA:419,0
DA:420,0
DA:618,1
DA:619,0
DA:620,0
DA:622,0
DA:623,0
DA:625,0
DA:626,0
DA:628,0
DA:629,0
DA:631,0
DA:632,0
DA:634,0
DA:635,0
DA:636,0
DA:639,0
DA:640,0
DA:641,0
DA:644,0
DA:645,0
DA:646,0
DA:647,0
DA:650,0
DA:651,0
DA:653,0
DA:658,0
DA:664,0
DA:665,0
DA:682,0
DA:694,0
DA:695,0
DA:696,0
DA:698,0
DA:699,0
DA:700,0
DA:707,0
DA:715,0
DA:716,0
DA:717,0
DA:718,0
DA:724,0
DA:725,0
DA:727,0
DA:729,0
DA:730,0
DA:736,1
DA:737,0
DA:738,0
DA:739,0
DA:742,0
DA:743,0
DA:744,0
DA:748,0
DA:749,0
DA:750,0
DA:754,0
DA:755,0
DA:759,0
DA:760,0
DA:764,0
DA:765,0
DA:768,0
DA:769,0
DA:772,0
DA:778,0
DA:779,0
DA:780,0
DA:781,0
DA:784,0
DA:788,0
DA:789,0
DA:791,0
DA:793,0
DA:798,1
DA:799,0
DA:800,0
DA:801,0
DA:804,0
DA:805,0
DA:806,0
DA:810,0
DA:811,0
DA:812,0
DA:816,0
DA:817,0
DA:821,0
DA:822,0
DA:826,0
DA:829,0
DA:831,0
DA:833,0
DA:834,0
DA:835,0
DA:837,0
DA:841,0
DA:843,0
DA:848,0
DA:849,0
DA:856,0
DA:858,0
DA:864,0
DA:867,0
DA:871,0
DA:873,0
DA:880,1
DA:881,0
DA:883,0
DA:886,0
DA:889,0
DA:890,0
DA:891,0
DA:895,0
DA:896,0
DA:897,0
DA:901,0
DA:904,0
DA:906,0
DA:908,0
DA:915,1
DA:916,0
DA:918,0
DA:919,0
DA:921,0
DA:924,0
DA:926,0
DA:927,0
DA:930,0
DA:931,0
DA:935,0
DA:936,0
DA:937,0
DA:938,0
DA:941,0
DA:943,0
DA:944,0
DA:946,0
DA:968,0
DA:970,0
DA:971,0
DA:974,0
DA:983,0
DA:985,0
DA:986,0
DA:991,1
DA:994,1
DA:995,0
DA:997,0
DA:998,0
DA:999,0
DA:1002,1
DA:1003,0
DA:1004,0
DA:1005,0
DA:1006,0
DA:1010,1
DA:1011,0
DA:1013,0
DA:1014,0
DA:1017,0
DA:1023,0
DA:1024,0
DA:1026,0
DA:1028,0
DA:1037,1
DA:1038,0
DA:1039,0
DA:1040,0
DA:1041,0
DA:1046,0
DA:1052,0
DA:1057,0
DA:1061,0
DA:1064,0
DA:1074,0
DA:1075,0
DA:1079,0
DA:1080,0
DA:1084,0
DA:1120,0
DA:1121,0
DA:1122,0
DA:1123,0
DA:1124,0
DA:1126,0
DA:1128,0
DA:1130,0
DA:1131,0
DA:1134,0
DA:1135,0
DA:1138,0
DA:1139,0
DA:1141,0
DA:1142,0
DA:1143,0
DA:1149,0
DA:1153,0
DA:1154,0
DA:1155,0
DA:1159,0
DA:1160,0
DA:1161,0
DA:1162,0
DA:1164,0
DA:1165,0
DA:1168,0
DA:1170,0
DA:1176,1
DA:1177,0
DA:1186,1
LF:358
LH:35
BRDA:20,0,0,1
BRDA:20,0,1,0
BRDA:113,1,0,0
BRDA:113,1,1,0
BRDA:113,2,0,0
BRDA:113,2,1,0
BRDA:113,2,2,0
BRDA:113,2,3,0
BRDA:113,2,4,0
BRDA:113,2,5,0
BRDA:113,2,6,0
BRDA:113,2,7,0
BRDA:117,3,0,0
BRDA:117,3,1,0
BRDA:121,4,0,0
BRDA:121,4,1,0
BRDA:131,5,0,0
BRDA:131,5,1,0
BRDA:131,6,0,0
BRDA:131,6,1,0
BRDA:131,6,2,0
BRDA:135,7,0,0
BRDA:135,7,1,0
BRDA:140,8,0,0
BRDA:140,8,1,0
BRDA:146,9,0,0
BRDA:146,9,1,0
BRDA:153,10,0,0
BRDA:153,10,1,0
BRDA:153,11,0,0
BRDA:153,11,1,0
BRDA:158,12,0,0
BRDA:158,12,1,0
BRDA:162,13,0,0
BRDA:162,13,1,0
BRDA:195,14,0,0
BRDA:195,14,1,0
BRDA:210,15,0,0
BRDA:210,15,1,0
BRDA:227,16,0,0
BRDA:227,16,1,0
BRDA:243,17,0,0
BRDA:243,17,1,0
BRDA:255,18,0,0
BRDA:255,18,1,0
BRDA:255,19,0,0
BRDA:255,19,1,0
BRDA:274,20,0,0
BRDA:274,20,1,0
BRDA:283,21,0,0
BRDA:283,21,1,0
BRDA:296,22,0,0
BRDA:296,22,1,0
BRDA:296,23,0,0
BRDA:296,23,1,0
BRDA:325,24,0,0
BRDA:325,24,1,0
BRDA:347,25,0,0
BRDA:347,25,1,0
BRDA:357,26,0,0
BRDA:357,26,1,0
BRDA:359,27,0,0
BRDA:359,27,1,0
BRDA:407,28,0,0
BRDA:407,28,1,0
BRDA:634,29,0,0
BRDA:634,29,1,0
BRDA:639,30,0,0
BRDA:639,30,1,0
BRDA:645,31,0,0
BRDA:645,31,1,0
BRDA:650,32,0,0
BRDA:650,32,1,0
BRDA:664,33,0,0
BRDA:664,33,1,0
BRDA:699,34,0,0
BRDA:699,34,1,0
BRDA:717,35,0,0
BRDA:717,35,1,0
BRDA:743,36,0,0
BRDA:743,36,1,0
BRDA:749,37,0,0
BRDA:749,37,1,0
BRDA:754,38,0,0
BRDA:754,38,1,0
BRDA:759,39,0,0
BRDA:759,39,1,0
BRDA:779,40,0,0
BRDA:779,40,1,0
BRDA:805,41,0,0
BRDA:805,41,1,0
BRDA:811,42,0,0
BRDA:811,42,1,0
BRDA:816,43,0,0
BRDA:816,43,1,0
BRDA:821,44,0,0
BRDA:821,44,1,0
BRDA:829,45,0,0
BRDA:829,45,1,0
BRDA:831,46,0,0
BRDA:831,46,1,0
BRDA:835,47,0,0
BRDA:835,47,1,0
BRDA:841,48,0,0
BRDA:841,48,1,0
BRDA:848,49,0,0
BRDA:848,49,1,0
BRDA:890,50,0,0
BRDA:890,50,1,0
BRDA:895,51,0,0
BRDA:895,51,1,0
BRDA:896,52,0,0
BRDA:896,52,1,0
BRDA:926,53,0,0
BRDA:926,53,1,0
BRDA:930,54,0,0
BRDA:930,54,1,0
BRDA:937,55,0,0
BRDA:937,55,1,0
BRDA:943,56,0,0
BRDA:943,56,1,0
BRDA:970,57,0,0
BRDA:970,57,1,0
BRDA:1006,58,0,0
BRDA:1006,58,1,0
BRDA:1023,59,0,0
BRDA:1023,59,1,0
BRDA:1040,60,0,0
BRDA:1040,60,1,0
BRDA:1074,61,0,0
BRDA:1074,61,1,0
BRDA:1135,62,0,0
BRDA:1135,62,1,0
BRDA:1141,63,0,0
BRDA:1141,63,1,0
BRDA:1153,64,0,0
BRDA:1153,64,1,0
BRF:137
BRH:1
end_of_record
TN:
SF:routes\testRoutes.js
FN:15,(anonymous_0)
FN:18,(anonymous_1)
FN:25,(anonymous_2)
FNF:3
FNH:0
FNDA:0,(anonymous_0)
FNDA:0,(anonymous_1)
FNDA:0,(anonymous_2)
DA:1,1
DA:2,1
DA:3,1
DA:4,1
DA:5,1
DA:6,1
DA:10,1
DA:11,1
DA:14,1
DA:16,0
DA:19,0
DA:22,1
DA:25,1
DA:27,0
DA:28,0
DA:29,0
DA:30,0
DA:37,0
DA:41,0
DA:44,0
DA:45,0
DA:49,1
LF:22
LH:12
BRDA:11,0,0,1
BRDA:11,0,1,0
BRF:2
BRH:1
end_of_record
TN:
SF:routes\userRoutes.js
FN:19,(anonymous_0)
FN:104,(anonymous_1)
FN:107,(anonymous_2)
FN:114,(anonymous_3)
FN:171,(anonymous_4)
FN:216,(anonymous_5)
FN:257,(anonymous_6)
FN:274,(anonymous_7)
FN:311,(anonymous_8)
FN:371,(anonymous_9)
FN:391,(anonymous_10)
FN:469,(anonymous_11)
FN:479,(anonymous_12)
FN:540,(anonymous_13)
FN:562,(anonymous_14)
FN:585,(anonymous_15)
FN:587,(anonymous_16)
FN:619,(anonymous_17)
FN:650,(anonymous_18)
FN:668,(anonymous_19)
FN:692,(anonymous_20)
FN:710,(anonymous_21)
FN:726,(anonymous_22)
FN:752,(anonymous_23)
FN:783,(anonymous_24)
FN:812,(anonymous_25)
FN:822,(anonymous_26)
FN:835,(anonymous_27)
FN:869,(anonymous_28)
FNF:29
FNH:0
FNDA:0,(anonymous_0)
FNDA:0,(anonymous_1)
FNDA:0,(anonymous_2)
FNDA:0,(anonymous_3)
FNDA:0,(anonymous_4)
FNDA:0,(anonymous_5)
FNDA:0,(anonymous_6)
FNDA:0,(anonymous_7)
FNDA:0,(anonymous_8)
FNDA:0,(anonymous_9)
FNDA:0,(anonymous_10)
FNDA:0,(anonymous_11)
FNDA:0,(anonymous_12)
FNDA:0,(anonymous_13)
FNDA:0,(anonymous_14)
FNDA:0,(anonymous_15)
FNDA:0,(anonymous_16)
FNDA:0,(anonymous_17)
FNDA:0,(anonymous_18)
FNDA:0,(anonymous_19)
FNDA:0,(anonymous_20)
FNDA:0,(anonymous_21)
FNDA:0,(anonymous_22)
FNDA:0,(anonymous_23)
FNDA:0,(anonymous_24)
FNDA:0,(anonymous_25)
FNDA:0,(anonymous_26)
FNDA:0,(anonymous_27)
FNDA:0,(anonymous_28)
DA:1,1
DA:2,1
DA:3,1
DA:4,1
DA:5,1
DA:6,1
DA:7,1
DA:8,1
DA:9,1
DA:10,1
DA:11,1
DA:12,1
DA:14,1
DA:15,1
DA:16,1
DA:17,1
DA:19,1
DA:21,0
DA:103,1
DA:105,0
DA:108,0
DA:112,1
DA:114,1
DA:115,0
DA:117,0
DA:119,0
DA:120,0
DA:137,0
DA:138,0
DA:139,0
DA:143,0
DA:150,0
DA:160,0
DA:163,0
DA:165,0
DA:166,0
DA:171,1
DA:173,0
DA:176,0
DA:179,0
DA:181,0
DA:183,0
DA:191,0
DA:195,0
DA:196,0
DA:197,0
DA:199,0
DA:200,0
DA:202,0
DA:203,0
DA:204,0
DA:207,0
DA:210,0
DA:211,0
DA:216,1
DA:218,0
DA:220,0
DA:221,0
DA:223,0
DA:226,0
DA:227,0
DA:230,0
DA:232,0
DA:234,0
DA:238,0
DA:240,0
DA:243,0
DA:248,0
DA:249,0
DA:257,1
DA:259,0
DA:260,0
DA:261,0
DA:262,0
DA:264,0
DA:265,0
DA:267,0
DA:268,0
DA:274,1
DA:275,0
DA:276,0
DA:277,0
DA:280,0
DA:281,0
DA:285,0
DA:286,0
DA:287,0
DA:291,0
DA:292,0
DA:293,0
DA:297,0
DA:298,0
DA:301,0
DA:302,0
DA:304,0
DA:306,0
DA:311,1
DA:312,0
DA:313,0
DA:314,0
DA:317,0
DA:319,0
DA:320,0
DA:321,0
DA:325,0
DA:326,0
DA:330,0
DA:331,0
DA:334,0
DA:336,0
DA:337,0
DA:338,0
DA:339,0
DA:342,0
DA:344,0
DA:346,0
DA:347,0
DA:348,0
DA:350,0
DA:351,0
DA:352,0
DA:353,0
DA:355,0
DA:359,0
DA:364,0
DA:365,0
DA:371,1
DA:372,0
DA:373,0
DA:374,0
DA:375,0
DA:376,0
DA:379,0
DA:380,0
DA:381,0
DA:383,0
DA:385,0
DA:386,0
DA:391,1
DA:392,0
DA:393,0
DA:395,0
DA:396,0
DA:397,0
DA:401,0
DA:402,0
DA:405,0
DA:406,0
DA:410,0
DA:418,0
DA:419,0
DA:420,0
DA:421,0
DA:423,0
DA:459,0
DA:461,0
DA:463,0
DA:464,0
DA:469,1
DA:470,0
DA:471,0
DA:472,0
DA:474,0
DA:479,1
DA:480,0
DA:481,0
DA:482,0
DA:483,0
DA:484,0
DA:486,0
DA:488,0
DA:540,1
DA:541,0
DA:542,0
DA:543,0
DA:544,0
DA:548,0
DA:551,0
DA:554,0
DA:562,0
DA:563,0
DA:564,0
DA:579,0
DA:580,0
DA:582,0
DA:583,0
DA:585,0
DA:586,0
DA:587,0
DA:589,0
DA:598,0
DA:611,0
DA:613,0
DA:614,0
DA:619,1
DA:620,0
DA:622,0
DA:625,0
DA:627,0
DA:628,0
DA:632,0
DA:633,0
DA:637,0
DA:640,0
DA:642,0
DA:644,0
DA:645,0
DA:650,1
DA:651,0
DA:653,0
DA:655,0
DA:656,0
DA:660,0
DA:661,0
DA:665,0
DA:668,0
DA:669,0
DA:670,0
DA:681,0
DA:684,0
DA:686,0
DA:687,0
DA:692,1
DA:693,0
DA:695,0
DA:698,0
DA:700,0
DA:701,0
DA:705,0
DA:706,0
DA:710,0
DA:713,0
DA:715,0
DA:717,0
DA:718,0
DA:726,1
DA:727,0
DA:729,0
DA:730,0
DA:731,0
DA:735,0
DA:736,0
DA:737,0
DA:740,0
DA:741,0
DA:745,0
DA:747,0
DA:752,1
DA:753,0
DA:754,0
DA:756,0
DA:757,0
DA:758,0
DA:761,0
DA:762,0
DA:763,0
DA:767,0
DA:769,0
DA:771,0
DA:772,0
DA:776,0
DA:778,0
DA:783,1
DA:784,0
DA:786,0
DA:787,0
DA:788,0
DA:789,0
DA:790,0
DA:793,0
DA:805,0
DA:807,0
DA:812,1
DA:813,0
DA:814,0
DA:816,0
DA:817,0
DA:822,1
DA:823,0
DA:824,0
DA:825,0
DA:826,0
DA:828,0
DA:830,0
DA:835,1
DA:836,0
DA:837,0
DA:840,0
DA:841,0
DA:842,0
DA:845,0
DA:846,0
DA:847,0
DA:848,0
DA:852,0
DA:853,0
DA:854,0
DA:859,0
DA:862,0
DA:864,0
DA:865,0
DA:869,1
DA:870,0
DA:871,0
DA:872,0
DA:873,0
DA:875,0
DA:877,0
DA:884,1
LF:309
LH:41
BRDA:138,0,0,0
BRDA:138,0,1,0
BRDA:181,1,0,0
BRDA:181,1,1,0
BRDA:202,2,0,0
BRDA:202,2,1,0
BRDA:226,3,0,0
BRDA:226,3,1,0
BRDA:232,4,0,0
BRDA:232,4,1,0
BRDA:238,5,0,0
BRDA:238,5,1,0
BRDA:261,6,0,0
BRDA:261,6,1,0
BRDA:280,7,0,0
BRDA:280,7,1,0
BRDA:286,8,0,0
BRDA:286,8,1,0
BRDA:292,9,0,0
BRDA:292,9,1,0
BRDA:313,10,0,0
BRDA:313,10,1,0
BRDA:313,11,0,0
BRDA:313,11,1,0
BRDA:320,12,0,0
BRDA:320,12,1,0
BRDA:325,13,0,0
BRDA:325,13,1,0
BRDA:330,14,0,0
BRDA:330,14,1,0
BRDA:330,15,0,0
BRDA:330,15,1,0
BRDA:330,15,2,0
BRDA:334,16,0,0
BRDA:334,16,1,0
BRDA:334,17,0,0
BRDA:334,17,1,0
BRDA:334,17,2,0
BRDA:344,18,0,0
BRDA:344,18,1,0
BRDA:352,19,0,0
BRDA:352,19,1,0
BRDA:375,20,0,0
BRDA:375,20,1,0
BRDA:396,21,0,0
BRDA:396,21,1,0
BRDA:483,22,0,0
BRDA:483,22,1,0
BRDA:543,23,0,0
BRDA:543,23,1,0
BRDA:564,24,0,0
BRDA:564,24,1,0
BRDA:627,25,0,0
BRDA:627,25,1,0
BRDA:632,26,0,0
BRDA:632,26,1,0
BRDA:655,27,0,0
BRDA:655,27,1,0
BRDA:660,28,0,0
BRDA:660,28,1,0
BRDA:700,29,0,0
BRDA:700,29,1,0
BRDA:705,30,0,0
BRDA:705,30,1,0
BRDA:730,31,0,0
BRDA:730,31,1,0
BRDA:736,32,0,0
BRDA:736,32,1,0
BRDA:757,33,0,0
BRDA:757,33,1,0
BRDA:762,34,0,0
BRDA:762,34,1,0
BRDA:789,35,0,0
BRDA:789,35,1,0
BRDA:825,36,0,0
BRDA:825,36,1,0
BRDA:841,37,0,0
BRDA:841,37,1,0
BRDA:845,38,0,0
BRDA:845,38,1,0
BRDA:846,39,0,0
BRDA:846,39,1,0
BRDA:848,40,0,0
BRDA:848,40,1,0
BRDA:852,41,0,0
BRDA:852,41,1,0
BRDA:853,42,0,0
BRDA:853,42,1,0
BRDA:854,43,0,0
BRDA:854,43,1,0
BRDA:872,44,0,0
BRDA:872,44,1,0
BRF:92
BRH:0
end_of_record
TN:
SF:routes\admin\activityRoutes.js
FN:8,(anonymous_0)
FN:61,(anonymous_1)
FN:74,(anonymous_2)
FN:86,(anonymous_3)
FN:111,(anonymous_4)
FN:132,(anonymous_5)
FN:142,(anonymous_6)
FN:159,(anonymous_7)
FNF:8
FNH:0
FNDA:0,(anonymous_0)
FNDA:0,(anonymous_1)
FNDA:0,(anonymous_2)
FNDA:0,(anonymous_3)
FNDA:0,(anonymous_4)
FNDA:0,(anonymous_5)
FNDA:0,(anonymous_6)
FNDA:0,(anonymous_7)
DA:1,1
DA:2,1
DA:3,1
DA:4,1
DA:8,1
DA:9,0
DA:11,0
DA:12,0
DA:13,0
DA:14,0
DA:15,0
DA:16,0
DA:17,0
DA:18,0
DA:21,0
DA:22,0
DA:23,0
DA:24,0
DA:27,0
DA:28,0
DA:33,0
DA:37,0
DA:39,0
DA:41,0
DA:42,0
DA:46,0
DA:48,0
DA:49,0
DA:50,0
DA:52,0
DA:61,0
DA:63,0
DA:65,0
DA:70,0
DA:71,0
DA:74,0
DA:79,0
DA:80,0
DA:86,1
DA:87,0
DA:88,0
DA:89,0
DA:90,0
DA:94,0
DA:95,0
DA:97,0
DA:101,0
DA:103,0
DA:104,0
DA:111,1
DA:112,0
DA:113,0
DA:115,0
DA:120,0
DA:124,0
DA:126,0
DA:132,1
DA:133,0
DA:134,0
DA:135,0
DA:137,0
DA:138,0
DA:139,0
DA:142,0
DA:143,0
DA:144,0
DA:147,0
DA:148,0
DA:150,0
DA:152,0
DA:159,1
DA:160,0
DA:161,0
DA:162,0
DA:164,0
DA:177,1
LF:76
LH:10
BRDA:12,0,0,0
BRDA:12,0,1,0
BRDA:13,1,0,0
BRDA:13,1,1,0
BRDA:14,2,0,0
BRDA:14,2,1,0
BRDA:21,3,0,0
BRDA:21,3,1,0
BRDA:24,4,0,0
BRDA:24,4,1,0
BRDA:37,5,0,0
BRDA:37,5,1,0
BRDA:41,6,0,0
BRDA:41,6,1,0
BRDA:46,7,0,0
BRDA:46,7,1,0
BRDA:48,8,0,0
BRDA:48,8,1,0
BRDA:63,9,0,0
BRDA:63,9,1,0
BRDA:89,10,0,0
BRDA:89,10,1,0
BRDA:138,11,0,0
BRDA:138,11,1,0
BRDA:143,12,0,0
BRDA:143,12,1,0
BRF:26
BRH:0
end_of_record
TN:
SF:routes\admin\contactRoutes.js
FN:7,(anonymous_0)
FN:43,(anonymous_1)
FN:49,(anonymous_2)
FN:61,(anonymous_3)
FNF:4
FNH:0
FNDA:0,(anonymous_0)
FNDA:0,(anonymous_1)
FNDA:0,(anonymous_2)
FNDA:0,(anonymous_3)
DA:1,1
DA:2,1
DA:3,1
DA:4,1
DA:5,1
DA:7,1
DA:8,0
DA:9,0
DA:10,0
DA:14,0
DA:15,0
DA:16,0
DA:17,0
DA:20,0
DA:21,0
DA:25,0
DA:27,0
DA:28,0
DA:30,0
DA:31,0
DA:32,0
DA:34,0
DA:42,0
DA:43,0
DA:45,0
DA:49,1
DA:50,0
DA:51,0
DA:52,0
DA:53,0
DA:55,0
DA:61,1
DA:62,0
DA:63,0
DA:65,0
DA:66,0
DA:69,0
DA:70,0
DA:71,0
DA:74,0
DA:75,0
DA:76,0
DA:77,0
DA:78,0
DA:81,0
DA:82,0
DA:84,0
DA:92,0
DA:93,0
DA:94,0
DA:95,0
DA:97,0
DA:131,0
DA:132,0
DA:133,0
DA:135,0
DA:136,0
DA:140,1
LF:58
LH:9
BRDA:14,0,0,0
BRDA:14,0,1,0
BRDA:17,1,0,0
BRDA:17,1,1,0
BRDA:28,2,0,0
BRDA:28,2,1,0
BRDA:30,3,0,0
BRDA:30,3,1,0
BRDA:52,4,0,0
BRDA:52,4,1,0
BRDA:69,5,0,0
BRDA:69,5,1,0
BRDA:69,6,0,0
BRDA:69,6,1,0
BRDA:76,7,0,0
BRDA:76,7,1,0
BRF:16
BRH:0
end_of_record
TN:
SF:routes\admin\dashboard.js
FN:12,(anonymous_0)
FN:23,(anonymous_1)
FN:34,(anonymous_2)
FN:45,(anonymous_3)
FN:57,(anonymous_4)
FN:77,(anonymous_5)
FN:102,(anonymous_6)
FN:130,(anonymous_7)
FN:166,(anonymous_8)
FN:203,(anonymous_9)
FN:241,(anonymous_10)
FN:285,(anonymous_11)
FNF:12
FNH:0
FNDA:0,(anonymous_0)
FNDA:0,(anonymous_1)
FNDA:0,(anonymous_2)
FNDA:0,(anonymous_3)
FNDA:0,(anonymous_4)
FNDA:0,(anonymous_5)
FNDA:0,(anonymous_6)
FNDA:0,(anonymous_7)
FNDA:0,(anonymous_8)
FNDA:0,(anonymous_9)
FNDA:0,(anonymous_10)
FNDA:0,(anonymous_11)
DA:3,1
DA:4,1
DA:5,1
DA:6,1
DA:7,1
DA:8,1
DA:9,1
DA:10,1
DA:12,1
DA:13,0
DA:14,0
DA:15,0
DA:17,0
DA:18,0
DA:23,1
DA:24,0
DA:25,0
DA:26,0
DA:28,0
DA:29,0
DA:34,1
DA:35,0
DA:36,0
DA:37,0
DA:39,0
DA:40,0
DA:45,1
DA:46,0
DA:47,0
DA:48,0
DA:50,0
DA:51,0
DA:57,1
DA:58,0
DA:59,0
DA:69,0
DA:71,0
DA:72,0
DA:77,1
DA:78,0
DA:79,0
DA:91,0
DA:93,0
DA:94,0
DA:102,1
DA:103,0
DA:105,0
DA:108,0
DA:110,0
DA:113,0
DA:115,0
DA:118,0
DA:124,0
DA:125,0
DA:130,1
DA:131,0
DA:132,0
DA:135,0
DA:141,0
DA:147,0
DA:150,0
DA:152,0
DA:159,0
DA:160,0
DA:166,1
DA:167,0
DA:168,0
DA:194,0
DA:196,0
DA:197,0
DA:203,1
DA:204,0
DA:205,0
DA:231,0
DA:233,0
DA:234,0
DA:241,1
DA:242,0
DA:243,0
DA:274,0
DA:276,0
DA:277,0
DA:285,1
DA:286,0
DA:288,0
DA:291,0
DA:294,0
DA:295,0
DA:299,0
DA:301,0
DA:302,0
DA:305,1
LF:92
LH:21
BRDA:294,0,0,0
BRDA:294,0,1,0
BRDA:294,1,0,0
BRDA:294,1,1,0
BRF:4
BRH:0
end_of_record
TN:
SF:routes\admin\newsletterRoutes.js
FN:8,(anonymous_0)
FN:46,(anonymous_1)
FN:52,(anonymous_2)
FN:66,(anonymous_3)
FN:81,(anonymous_4)
FN:97,(anonymous_5)
FNF:6
FNH:0
FNDA:0,(anonymous_0)
FNDA:0,(anonymous_1)
FNDA:0,(anonymous_2)
FNDA:0,(anonymous_3)
FNDA:0,(anonymous_4)
FNDA:0,(anonymous_5)
DA:1,1
DA:2,1
DA:3,1
DA:4,1
DA:5,1
DA:8,1
DA:9,0
DA:12,0
DA:13,0
DA:17,0
DA:18,0
DA:19,0
DA:20,0
DA:23,0
DA:24,0
DA:28,0
DA:30,0
DA:31,0
DA:33,0
DA:34,0
DA:35,0
DA:37,0
DA:45,0
DA:46,0
DA:48,0
DA:52,1
DA:53,0
DA:54,0
DA:55,0
DA:56,0
DA:58,0
DA:66,1
DA:67,0
DA:70,0
DA:71,0
DA:72,0
DA:74,0
DA:75,0
DA:77,0
DA:78,0
DA:81,0
DA:84,0
DA:92,0
DA:93,0
DA:94,0
DA:95,0
DA:97,0
DA:98,0
DA:131,0
DA:134,0
DA:136,0
DA:137,0
DA:139,0
DA:140,0
DA:144,1
LF:55
LH:9
BRDA:17,0,0,0
BRDA:17,0,1,0
BRDA:20,1,0,0
BRDA:20,1,1,0
BRDA:31,2,0,0
BRDA:31,2,1,0
BRDA:33,3,0,0
BRDA:33,3,1,0
BRDA:55,4,0,0
BRDA:55,4,1,0
BRDA:70,5,0,0
BRDA:70,5,1,0
BRDA:70,6,0,0
BRDA:70,6,1,0
BRDA:77,7,0,0
BRDA:77,7,1,0
BRDA:77,8,0,0
BRDA:77,8,1,0
BRF:18
BRH:0
end_of_record
TN:
SF:routes\admin\reportRoutes.js
FN:131,(anonymous_0)
FN:205,(anonymous_1)
FN:223,(anonymous_2)
FN:346,(anonymous_3)
FN:347,(anonymous_4)
FN:387,(anonymous_5)
FN:430,(anonymous_6)
FN:431,(anonymous_7)
FN:492,(anonymous_8)
FN:507,(anonymous_9)
FN:537,(anonymous_10)
FNF:11
FNH:0
FNDA:0,(anonymous_0)
FNDA:0,(anonymous_1)
FNDA:0,(anonymous_2)
FNDA:0,(anonymous_3)
FNDA:0,(anonymous_4)
FNDA:0,(anonymous_5)
FNDA:0,(anonymous_6)
FNDA:0,(anonymous_7)
FNDA:0,(anonymous_8)
FNDA:0,(anonymous_9)
FNDA:0,(anonymous_10)
DA:1,1
DA:2,1
DA:3,1
DA:4,1
DA:6,1
DA:7,1
DA:131,1
DA:132,0
DA:133,0
DA:134,0
DA:135,0
DA:136,0
DA:139,0
DA:140,0
DA:141,0
DA:142,0
DA:144,0
DA:145,0
DA:148,0
DA:149,0
DA:150,0
DA:151,0
DA:152,0
DA:156,0
DA:157,0
DA:158,0
DA:159,0
DA:161,0
DA:203,0
DA:205,0
DA:206,0
DA:207,0
DA:211,0
DA:213,0
DA:214,0
DA:216,0
DA:217,0
DA:223,1
DA:224,0
DA:225,0
DA:226,0
DA:227,0
DA:228,0
DA:231,0
DA:232,0
DA:233,0
DA:234,0
DA:236,0
DA:237,0
DA:240,0
DA:241,0
DA:242,0
DA:243,0
DA:244,0
DA:248,0
DA:249,0
DA:250,0
DA:251,0
DA:313,0
DA:346,0
DA:347,0
DA:348,0
DA:349,0
DA:350,0
DA:351,0
DA:352,0
DA:353,0
DA:355,0
DA:374,0
DA:376,0
DA:377,0
DA:379,0
DA:380,0
DA:387,1
DA:388,0
DA:389,0
DA:390,0
DA:391,0
DA:392,0
DA:395,0
DA:396,0
DA:397,0
DA:398,0
DA:400,0
DA:401,0
DA:404,0
DA:405,0
DA:406,0
DA:407,0
DA:408,0
DA:412,0
DA:413,0
DA:414,0
DA:415,0
DA:418,0
DA:430,0
DA:431,0
DA:432,0
DA:455,0
DA:457,0
DA:458,0
DA:460,0
DA:461,0
DA:492,1
DA:493,0
DA:494,0
DA:495,0
DA:496,0
DA:498,0
DA:499,0
DA:502,0
DA:503,0
DA:504,0
DA:507,0
DA:508,0
DA:509,0
DA:512,0
DA:513,0
DA:519,0
DA:520,0
DA:522,0
DA:527,0
DA:529,0
DA:530,0
DA:537,1
DA:538,0
DA:539,0
DA:542,0
DA:546,0
DA:547,0
DA:551,0
DA:552,0
DA:553,0
DA:557,0
DA:579,0
DA:581,0
DA:582,0
DA:589,1
LF:138
LH:12
BRDA:134,0,0,0
BRDA:134,0,1,0
BRDA:135,1,0,0
BRDA:135,1,1,0
BRDA:136,2,0,0
BRDA:136,2,1,0
BRDA:139,3,0,0
BRDA:139,3,1,0
BRDA:142,4,0,0
BRDA:142,4,1,0
BRDA:149,5,0,0
BRDA:149,5,1,0
BRDA:151,6,0,0
BRDA:151,6,1,0
BRDA:156,7,0,0
BRDA:156,7,1,0
BRDA:157,8,0,0
BRDA:157,8,1,0
BRDA:206,9,0,0
BRDA:206,9,1,0
BRDA:226,10,0,0
BRDA:226,10,1,0
BRDA:227,11,0,0
BRDA:227,11,1,0
BRDA:228,12,0,0
BRDA:228,12,1,0
BRDA:231,13,0,0
BRDA:231,13,1,0
BRDA:234,14,0,0
BRDA:234,14,1,0
BRDA:241,15,0,0
BRDA:241,15,1,0
BRDA:243,16,0,0
BRDA:243,16,1,0
BRDA:248,17,0,0
BRDA:248,17,1,0
BRDA:249,18,0,0
BRDA:249,18,1,0
BRDA:350,19,0,0
BRDA:350,19,1,0
BRDA:352,20,0,0
BRDA:352,20,1,0
BRDA:390,21,0,0
BRDA:390,21,1,0
BRDA:391,22,0,0
BRDA:391,22,1,0
BRDA:392,23,0,0
BRDA:392,23,1,0
BRDA:395,24,0,0
BRDA:395,24,1,0
BRDA:398,25,0,0
BRDA:398,25,1,0
BRDA:405,26,0,0
BRDA:405,26,1,0
BRDA:407,27,0,0
BRDA:407,27,1,0
BRDA:412,28,0,0
BRDA:412,28,1,0
BRDA:413,29,0,0
BRDA:413,29,1,0
BRDA:498,30,0,0
BRDA:498,30,1,0
BRDA:498,31,0,0
BRDA:498,31,1,0
BRDA:503,32,0,0
BRDA:503,32,1,0
BRDA:508,33,0,0
BRDA:508,33,1,0
BRDA:512,34,0,0
BRDA:512,34,1,0
BRDA:546,35,0,0
BRDA:546,35,1,0
BRDA:552,36,0,0
BRDA:552,36,1,0
BRDA:560,37,0,0
BRDA:560,37,1,0
BRDA:571,38,0,0
BRDA:571,38,1,0
BRF:78
BRH:0
end_of_record
TN:
SF:routes\admin\userRoutes.js
FN:19,(anonymous_0)
FN:22,(anonymous_1)
FN:28,(anonymous_2)
FN:74,(anonymous_3)
FN:83,(anonymous_4)
FN:94,(anonymous_5)
FN:139,(anonymous_6)
FN:199,(anonymous_7)
FN:225,(anonymous_8)
FN:264,(anonymous_9)
FN:304,(anonymous_10)
FN:336,(anonymous_11)
FNF:12
FNH:0
FNDA:0,(anonymous_0)
FNDA:0,(anonymous_1)
FNDA:0,(anonymous_2)
FNDA:0,(anonymous_3)
FNDA:0,(anonymous_4)
FNDA:0,(anonymous_5)
FNDA:0,(anonymous_6)
FNDA:0,(anonymous_7)
FNDA:0,(anonymous_8)
FNDA:0,(anonymous_9)
FNDA:0,(anonymous_10)
FNDA:0,(anonymous_11)
DA:1,1
DA:2,1
DA:3,1
DA:4,1
DA:5,1
DA:6,1
DA:7,1
DA:8,1
DA:9,1
DA:10,1
DA:11,1
DA:14,1
DA:15,1
DA:18,1
DA:20,0
DA:23,0
DA:26,1
DA:28,1
DA:29,0
DA:31,0
DA:32,0
DA:36,0
DA:37,0
DA:38,0
DA:39,0
DA:42,0
DA:43,0
DA:47,0
DA:51,0
DA:53,0
DA:55,0
DA:56,0
DA:59,0
DA:61,0
DA:62,0
DA:64,0
DA:65,0
DA:66,0
DA:68,0
DA:74,0
DA:75,0
DA:76,0
DA:80,0
DA:83,0
DA:88,0
DA:89,0
DA:94,1
DA:95,0
DA:96,0
DA:99,0
DA:100,0
DA:101,0
DA:105,0
DA:106,0
DA:110,0
DA:113,0
DA:116,0
DA:117,0
DA:118,0
DA:122,0
DA:125,0
DA:139,0
DA:140,0
DA:141,0
DA:142,0
DA:144,0
DA:149,0
DA:152,0
DA:162,0
DA:193,0
DA:196,0
DA:199,0
DA:200,0
DA:203,0
DA:206,0
DA:217,0
DA:219,0
DA:220,0
DA:225,1
DA:226,0
DA:228,0
DA:229,0
DA:230,0
DA:232,0
DA:236,0
DA:237,0
DA:238,0
DA:242,0
DA:245,0
DA:255,0
DA:257,0
DA:259,0
DA:260,0
DA:264,1
DA:265,0
DA:266,0
DA:267,0
DA:270,0
DA:271,0
DA:272,0
DA:276,0
DA:277,0
DA:281,0
DA:283,0
DA:284,0
DA:285,0
DA:288,0
DA:289,0
DA:290,0
DA:293,0
DA:295,0
DA:297,0
DA:298,0
DA:304,1
DA:305,0
DA:306,0
DA:309,0
DA:310,0
DA:311,0
DA:314,0
DA:315,0
DA:318,0
DA:319,0
DA:320,0
DA:321,0
DA:326,0
DA:329,0
DA:331,0
DA:332,0
DA:336,1
DA:337,0
DA:338,0
DA:341,0
DA:342,0
DA:343,0
DA:347,0
DA:348,0
DA:350,0
DA:352,0
DA:353,0
DA:357,1
LF:141
LH:22
BRDA:15,0,0,1
BRDA:15,0,1,0
BRDA:36,1,0,0
BRDA:36,1,1,0
BRDA:39,2,0,0
BRDA:39,2,1,0
BRDA:51,3,0,0
BRDA:51,3,1,0
BRDA:55,4,0,0
BRDA:55,4,1,0
BRDA:62,5,0,0
BRDA:62,5,1,0
BRDA:64,6,0,0
BRDA:64,6,1,0
BRDA:75,7,0,0
BRDA:75,7,1,0
BRDA:100,8,0,0
BRDA:100,8,1,0
BRDA:105,9,0,0
BRDA:105,9,1,0
BRDA:116,10,0,0
BRDA:116,10,1,0
BRDA:117,11,0,0
BRDA:117,11,1,0
BRDA:118,12,0,0
BRDA:118,12,1,0
BRDA:141,13,0,0
BRDA:141,13,1,0
BRDA:229,14,0,0
BRDA:229,14,1,0
BRDA:229,15,0,0
BRDA:229,15,1,0
BRDA:229,15,2,0
BRDA:229,15,3,0
BRDA:229,15,4,0
BRDA:237,16,0,0
BRDA:237,16,1,0
BRDA:271,17,0,0
BRDA:271,17,1,0
BRDA:276,18,0,0
BRDA:276,18,1,0
BRDA:276,19,0,0
BRDA:276,19,1,0
BRDA:281,20,0,0
BRDA:281,20,1,0
BRDA:310,21,0,0
BRDA:310,21,1,0
BRDA:314,22,0,0
BRDA:314,22,1,0
BRDA:318,23,0,0
BRDA:318,23,1,0
BRDA:319,24,0,0
BRDA:319,24,1,0
BRDA:320,25,0,0
BRDA:320,25,1,0
BRDA:321,26,0,0
BRDA:321,26,1,0
BRDA:342,27,0,0
BRDA:342,27,1,0
BRF:59
BRH:1
end_of_record
